Mo 21. Dez 19:40:01 CET 2020
============================
Testing from Vodafone Germany (85.216.3.196)...
Hosted by WWZ Telekom AG (Zug) [105.86 km]: 35.342 ms
Download: 73.19 Mbit/s
Upload: 4.53 Mbit/s

Mo 21. Dez 19:20:01 CET 2020
============================
Testing from Vodafone Germany (85.216.3.196)...
Hosted by ORANGE FRANCE (Strasbourg) [66.78 km]: 31.214 ms
Download: 88.10 Mbit/s
Upload: 9.96 Mbit/s

Mo 21. Dez 19:00:01 CET 2020
============================
Testing from Vodafone Germany (85.216.3.196)...
Hosted by ORANGE FRANCE (Strasbourg) [66.78 km]: 28.579 ms
Download: 87.50 Mbit/s
Upload: 9.10 Mbit/s

Mo 21. Dez 18:40:01 CET 2020
============================
Testing from Vodafone Germany (85.216.3.196)...
Hosted by green.ch AG (Lupfig) [67.79 km]: 32.698 ms
Download: 90.46 Mbit/s
Upload: 5.86 Mbit/s

Mo 21. Dez 18:20:02 CET 2020
============================
Testing from Vodafone Germany (85.216.3.196)...
Hosted by ORANGE FRANCE (Strasbourg) [66.78 km]: 30.276 ms
Download: 86.68 Mbit/s
Upload: 6.36 Mbit/s

Mo 21. Dez 18:00:01 CET 2020
============================
Testing from Vodafone Germany (85.216.3.196)...
Hosted by ORANGE FRANCE (Strasbourg) [66.78 km]: 35.978 ms
Download: 82.07 Mbit/s
Upload: 9.84 Mbit/s

Mo 21. Dez 17:40:01 CET 2020
============================
Testing from Vodafone Germany (85.216.3.196)...
Hosted by ORANGE FRANCE (Strasbourg) [66.78 km]: 30.098 ms
Download: 88.40 Mbit/s
Upload: 7.20 Mbit/s

Mo 21. Dez 17:20:01 CET 2020
============================
Testing from Vodafone Germany (85.216.3.196)...
Hosted by ORANGE FRANCE (Strasbourg) [66.78 km]: 31.33 ms
Download: 86.30 Mbit/s
Upload: 7.88 Mbit/s

Mo 21. Dez 17:00:02 CET 2020
============================
Testing from Vodafone Germany (85.216.3.196)...
Hosted by green.ch AG (Lupfig) [67.79 km]: 37.282 ms
Download: 87.61 Mbit/s
Upload: 7.43 Mbit/s

Mo 21. Dez 16:40:02 CET 2020
============================
Testing from Vodafone Germany (85.216.3.196)...
Hosted by IWB Telekom (Basel) [48.69 km]: 44.638 ms
Download: 90.13 Mbit/s
Upload: 7.08 Mbit/s

Mo 21. Dez 16:20:01 CET 2020
============================
Testing from Vodafone Germany (85.216.3.196)...
Hosted by sasag Kabelkommunikation AG (Schaffhausen) [70.67 km]: 33.77 ms
Download: 90.26 Mbit/s
.Upload: 5.10 Mbit/s

Mo 21. Dez 16:00:01 CET 2020
============================
Testing from Vodafone Germany (85.216.3.196)...
Hosted by ORANGE FRANCE (Strasbourg) [66.78 km]: 37.657 ms
Download: 86.18 Mbit/s
Upload: 5.36 Mbit/s

Mo 21. Dez 15:40:01 CET 2020
============================
Testing from Vodafone Germany (85.216.3.196)...
Hosted by green.ch AG (Lupfig) [67.79 km]: 35.741 ms
Download: 86.64 Mbit/s
Upload: 4.19 Mbit/s

Mo 21. Dez 15:20:01 CET 2020
============================
Testing from Vodafone Germany (85.216.3.196)...
Hosted by ORANGE FRANCE (Strasbourg) [66.78 km]: 31.344 ms
Download: 76.44 Mbit/s
Upload: 2.52 Mbit/s

Mo 21. Dez 15:00:01 CET 2020
============================
Testing from Vodafone Germany (85.216.3.196)...
Hosted by sasag Kabelkommunikation AG (Schaffhausen) [70.67 km]: 37.022 ms
Download: 88.48 Mbit/s
Upload: 2.95 Mbit/s

Mo 21. Dez 14:40:01 CET 2020
============================
Testing from Vodafone Germany (85.216.3.196)...
Hosted by ORANGE FRANCE (Strasbourg) [66.78 km]: 33.537 ms
Download: 85.25 Mbit/s
Upload: 9.69 Mbit/s

Mo 21. Dez 14:20:01 CET 2020
============================
Testing from Vodafone Germany (85.216.3.196)...
Hosted by ORANGE FRANCE (Strasbourg) [66.78 km]: 27.674 ms
Download: 86.57 Mbit/s
Upload: 9.69 Mbit/s

Mo 21. Dez 14:00:02 CET 2020
============================
Testing from Vodafone Germany (85.216.3.196)...
Hosted by green.ch AG (Lupfig) [67.79 km]: 35.506 ms
Download: 90.01 Mbit/s
Upload: 4.00 Mbit/s

Mo 21. Dez 13:40:01 CET 2020
============================
Testing from Vodafone Germany (85.216.3.196)...
Hosted by ORANGE FRANCE (Strasbourg) [66.78 km]: 33.29 ms
Download: 87.94 Mbit/s
Upload: 9.85 Mbit/s

Mo 21. Dez 13:20:01 CET 2020
============================
Testing from Vodafone Germany (85.216.3.196)...
Hosted by ORANGE FRANCE (Strasbourg) [66.78 km]: 29.526 ms
Download: 88.32 Mbit/s
Upload: 9.27 Mbit/s

Mo 21. Dez 13:00:01 CET 2020
============================
Testing from Vodafone Germany (85.216.3.196)...
Hosted by ORANGE FRANCE (Strasbourg) [66.78 km]: 30.258 ms
Download: 86.05 Mbit/s
Upload: 9.11 Mbit/s

Mo 21. Dez 12:40:01 CET 2020
============================
Testing from Vodafone Germany (85.216.3.196)...
Hosted by ORANGE FRANCE (Strasbourg) [66.78 km]: 31.034 ms
Download: 87.95 Mbit/s
Upload: 9.74 Mbit/s

Mo 21. Dez 12:20:01 CET 2020
============================
Testing from Vodafone Germany (85.216.3.196)...
Hosted by ORANGE FRANCE (Strasbourg) [66.78 km]: 31.754 ms
Download: 83.82 Mbit/s
Upload: 4.76 Mbit/s

Mo 21. Dez 12:00:01 CET 2020
============================
Testing from Vodafone Germany (85.216.3.196)...
Hosted by ORANGE FRANCE (Strasbourg) [66.78 km]: 30.059 ms
Download: 87.05 Mbit/s
Upload: 4.73 Mbit/s

Mo 21. Dez 11:40:01 CET 2020
============================
Testing from Vodafone Germany (85.216.3.196)...
Hosted by ORANGE FRANCE (Strasbourg) [66.78 km]: 29.76 ms
Download: 88.11 Mbit/s
Upload: 9.42 Mbit/s

Mo 21. Dez 11:20:01 CET 2020
============================
Testing from Vodafone Germany (85.216.3.196)...
Hosted by IWB Telekom (Basel) [48.69 km]: 35.422 ms
Download: 87.81 Mbit/s
Upload: 5.46 Mbit/s

Mo 21. Dez 11:00:01 CET 2020
============================
Testing from Vodafone Germany (85.216.3.196)...
Hosted by ORANGE FRANCE (Strasbourg) [66.78 km]: 29.707 ms
Download: 63.05 Mbit/s
Upload: 1.93 Mbit/s

Mo 21. Dez 10:40:01 CET 2020
============================
Testing from Vodafone Germany (85.216.3.196)...
Hosted by ORANGE FRANCE (Strasbourg) [66.78 km]: 32.3 ms
Download: 74.46 Mbit/s
Upload: 2.78 Mbit/s

Mo 21. Dez 10:20:02 CET 2020
============================
Testing from Vodafone Germany (85.216.3.196)...
Hosted by WWZ Telekom AG (Zug) [105.86 km]: 34.085 ms
Download: 88.82 Mbit/s
Upload: 6.03 Mbit/s

Mo 21. Dez 10:00:01 CET 2020
============================
Testing from Vodafone Germany (85.216.3.196)...
Hosted by ORANGE FRANCE (Strasbourg) [66.78 km]: 36.746 ms
Download: 88.06 Mbit/s
Upload: 9.54 Mbit/s

Mo 21. Dez 09:40:01 CET 2020
============================
Testing from Vodafone Germany (85.216.3.196)...
Hosted by ORANGE FRANCE (Strasbourg) [66.78 km]: 25.248 ms
Download: 84.89 Mbit/s
Upload: 9.83 Mbit/s

Mo 21. Dez 09:20:01 CET 2020
============================
Testing from Vodafone Germany (85.216.3.196)...
Hosted by ORANGE FRANCE (Strasbourg) [66.78 km]: 31.665 ms
Download: 84.62 Mbit/s
Upload: 9.90 Mbit/s

Mo 21. Dez 09:00:02 CET 2020
============================
Testing from Vodafone Germany (85.216.3.196)...
Hosted by ORANGE FRANCE (Strasbourg) [66.78 km]: 33.508 ms
Download: 83.81 Mbit/s
Upload: 9.97 Mbit/s

Mo 21. Dez 08:40:01 CET 2020
============================
Testing from Vodafone Germany (85.216.3.196)...
Hosted by Databaar (Baar) [103.50 km]: 30.139 ms
Download: 89.28 Mbit/s
Upload: 10.02 Mbit/s

Mo 21. Dez 08:20:02 CET 2020
============================
Testing from Vodafone Germany (85.216.3.196)...
Hosted by ORANGE FRANCE (Strasbourg) [66.78 km]: 27.285 ms
Download: 88.68 Mbit/s
Upload: 10.02 Mbit/s

Mo 21. Dez 08:00:01 CET 2020
============================
Testing from Vodafone Germany (85.216.3.196)...
Hosted by ORANGE FRANCE (Strasbourg) [66.78 km]: 23.113 ms
Download: 83.69 Mbit/s
Upload: 9.93 Mbit/s

Mo 21. Dez 07:40:01 CET 2020
============================
Testing from Vodafone Germany (85.216.3.196)...
Hosted by ORANGE FRANCE (Strasbourg) [66.78 km]: 26.512 ms
Download: 90.50 Mbit/s
Upload: 10.11 Mbit/s

Mo 21. Dez 07:20:01 CET 2020
============================
Testing from Vodafone Germany (85.216.3.196)...
Hosted by ORANGE FRANCE (Strasbourg) [66.78 km]: 24.777 ms
Download: 89.17 Mbit/s
Upload: 10.01 Mbit/s

Mo 21. Dez 07:00:01 CET 2020
============================
Testing from Vodafone Germany (85.216.3.196)...
Hosted by ORANGE FRANCE (Strasbourg) [66.78 km]: 28.01 ms
Download: 87.11 Mbit/s
Upload: 10.06 Mbit/s

Mo 21. Dez 06:40:01 CET 2020
============================
Testing from Vodafone Germany (85.216.3.196)...
Hosted by WWZ Telekom AG (Zug) [105.86 km]: 26.495 ms
Download: 91.68 Mbit/s
Upload: 10.00 Mbit/s

Mo 21. Dez 06:20:01 CET 2020
============================
Testing from Vodafone Germany (85.216.3.196)...
Hosted by Datasource. AG (Zug) [105.86 km]: 31.727 ms
Download: 82.60 Mbit/s
Upload: 1.91 Mbit/s

Mo 21. Dez 06:00:01 CET 2020
============================
Testing from Vodafone Germany (85.216.3.196)...
Hosted by FSIT AG (Dietikon) [79.25 km]: 28.362 ms
Download: 68.07 Mbit/s
Upload: 9.98 Mbit/s

Mo 21. Dez 05:40:01 CET 2020
============================
Testing from Vodafone Germany (85.216.3.196)...
Hosted by green.ch AG (Lupfig) [67.79 km]: 29.193 ms
Download: 88.44 Mbit/s
.Upload: 9.99 Mbit/s

Mo 21. Dez 05:20:02 CET 2020
============================
Testing from Vodafone Germany (85.216.3.196)...
Hosted by ORANGE FRANCE (Strasbourg) [66.78 km]: 26.679 ms
Download: 84.11 Mbit/s
Upload: 10.02 Mbit/s

Mo 21. Dez 05:00:01 CET 2020
============================
Testing from Vodafone Germany (85.216.3.196)...
Hosted by ORANGE FRANCE (Strasbourg) [66.78 km]: 26.69 ms
Download: 88.19 Mbit/s
.Upload: 9.98 Mbit/s

Mo 21. Dez 04:40:02 CET 2020
============================
Testing from Vodafone Germany (85.216.3.196)...
Hosted by ORANGE FRANCE (Strasbourg) [66.78 km]: 23.003 ms
Download: 90.17 Mbit/s
Upload: 10.03 Mbit/s

Mo 21. Dez 04:20:01 CET 2020
============================
Testing from Vodafone Germany (85.216.3.196)...
Hosted by ORANGE FRANCE (Strasbourg) [66.78 km]: 24.329 ms
Download: 91.74 Mbit/s
Upload: 10.00 Mbit/s

Mo 21. Dez 04:00:01 CET 2020
============================
Testing from Vodafone Germany (85.216.3.196)...
Hosted by ORANGE FRANCE (Strasbourg) [66.78 km]: 25.802 ms
Download: 86.94 Mbit/s
Upload: 9.97 Mbit/s

Mo 21. Dez 03:40:01 CET 2020
============================
Testing from Vodafone Germany (85.216.3.196)...
Hosted by ORANGE FRANCE (Strasbourg) [66.78 km]: 23.454 ms
Download: 85.27 Mbit/s
Upload: 10.06 Mbit/s

Mo 21. Dez 03:20:01 CET 2020
============================
Testing from Vodafone Germany (85.216.3.196)...
Hosted by ORANGE FRANCE (Strasbourg) [66.78 km]: 25.286 ms
Download: 87.53 Mbit/s
Upload: 10.07 Mbit/s

Mo 21. Dez 03:00:01 CET 2020
============================
Testing from Vodafone Germany (85.216.3.196)...
Hosted by ORANGE FRANCE (Strasbourg) [66.78 km]: 26.851 ms
Download: 91.32 Mbit/s
Upload: 10.10 Mbit/s

Mo 21. Dez 02:40:01 CET 2020
============================
Testing from Vodafone Germany (85.216.3.196)...
Hosted by ORANGE FRANCE (Strasbourg) [66.78 km]: 22.994 ms
Download: 91.58 Mbit/s
Upload: 9.94 Mbit/s

Mo 21. Dez 02:20:01 CET 2020
============================
Testing from Vodafone Germany (85.216.3.196)...
Hosted by ORANGE FRANCE (Strasbourg) [66.78 km]: 23.481 ms
Download: 88.17 Mbit/s
.Upload: 10.11 Mbit/s

Mo 21. Dez 02:00:01 CET 2020
============================
Testing from Vodafone Germany (85.216.3.196)...
Hosted by ORANGE FRANCE (Strasbourg) [66.78 km]: 27.527 ms
Download: 91.06 Mbit/s
Upload: 10.08 Mbit/s

Mo 21. Dez 01:40:01 CET 2020
============================
Testing from Vodafone Germany (85.216.3.196)...
Hosted by Pfalzkom GMBH (Ludwigshafen) [172.91 km]: 22.91 ms
Download: 92.44 Mbit/s
Upload: 9.94 Mbit/s

Mo 21. Dez 01:20:01 CET 2020
============================
Testing from Vodafone Germany (85.216.3.196)...
Hosted by Pfalzkom GMBH (Ludwigshafen) [172.91 km]: 24.166 ms
Download: 92.05 Mbit/s
Upload: 9.96 Mbit/s

Mo 21. Dez 01:00:01 CET 2020
============================
Testing from Vodafone Germany (85.216.3.196)...
Hosted by Pfalzkom GMBH (Ludwigshafen) [172.91 km]: 21.751 ms
Download: 89.01 Mbit/s
Upload: 9.93 Mbit/s

Mo 21. Dez 00:40:01 CET 2020
============================
Testing from Vodafone Germany (85.216.3.196)...
Hosted by ORANGE FRANCE (Strasbourg) [66.78 km]: 26.824 ms
Download: 84.64 Mbit/s
Upload: 9.72 Mbit/s

Mo 21. Dez 00:20:01 CET 2020
============================
Testing from Vodafone Germany (85.216.3.196)...
Hosted by ORANGE FRANCE (Strasbourg) [66.78 km]: 26.501 ms
Download: 86.23 Mbit/s
Upload: 9.95 Mbit/s

Mo 21. Dez 00:00:01 CET 2020
============================
Testing from Vodafone Germany (85.216.3.196)...
Hosted by ORANGE FRANCE (Strasbourg) [66.78 km]: 26.446 ms
Download: 89.07 Mbit/s
Upload: 9.88 Mbit/s

So 20. Dez 23:40:01 CET 2020
============================
Testing from Vodafone Germany (85.216.3.196)...
Hosted by Pfalzkom GMBH (Ludwigshafen) [172.91 km]: 21.499 ms
Download: 90.51 Mbit/s
Upload: 9.69 Mbit/s

So 20. Dez 23:20:01 CET 2020
============================
Testing from Vodafone Germany (85.216.3.196)...
Hosted by ORANGE FRANCE (Strasbourg) [66.78 km]: 30.792 ms
Download: 86.14 Mbit/s
Upload: 9.99 Mbit/s

So 20. Dez 23:00:01 CET 2020
============================
Testing from Vodafone Germany (85.216.3.196)...
Hosted by Pfalzkom GMBH (Ludwigshafen) [172.91 km]: 26.165 ms
Download: 79.22 Mbit/s
.Upload: 9.83 Mbit/s

So 20. Dez 22:40:02 CET 2020
============================
Testing from Vodafone Germany (85.216.3.196)...
Hosted by ORANGE FRANCE (Strasbourg) [66.78 km]: 30.801 ms
Download: 71.06 Mbit/s
Upload: 9.91 Mbit/s

So 20. Dez 22:20:01 CET 2020
============================
Testing from Vodafone Germany (85.216.3.196)...
Hosted by ORANGE FRANCE (Strasbourg) [66.78 km]: 29.312 ms
Download: 69.76 Mbit/s
Upload: 6.67 Mbit/s

So 20. Dez 22:00:01 CET 2020
============================
Testing from Vodafone Germany (85.216.3.196)...
Hosted by green.ch AG (Lupfig) [67.79 km]: 34.923 ms
Download: 69.94 Mbit/s
Upload: 9.00 Mbit/s

So 20. Dez 21:40:01 CET 2020
============================
Testing from Vodafone Germany (85.216.3.196)...
Hosted by ORANGE FRANCE (Strasbourg) [66.78 km]: 28.232 ms
Download: 72.43 Mbit/s
Upload: 4.59 Mbit/s

So 20. Dez 21:20:01 CET 2020
============================
Testing from Vodafone Germany (85.216.3.196)...
Hosted by ORANGE FRANCE (Strasbourg) [66.78 km]: 31.843 ms
Download: 65.24 Mbit/s
Upload: 2.59 Mbit/s

So 20. Dez 21:00:01 CET 2020
============================
Testing from Vodafone Germany (85.216.3.196)...
Hosted by ORANGE FRANCE (Strasbourg) [66.78 km]: 35.23 ms
Download: 68.71 Mbit/s
Upload: 4.72 Mbit/s

So 20. Dez 20:40:01 CET 2020
============================
Testing from Vodafone Germany (85.216.3.196)...
Hosted by ORANGE FRANCE (Strasbourg) [66.78 km]: 35.736 ms
Download: 73.55 Mbit/s
Upload: 2.66 Mbit/s

So 20. Dez 20:20:01 CET 2020
============================
Testing from Vodafone Germany (85.216.3.196)...
Hosted by ORANGE FRANCE (Strasbourg) [66.78 km]: 29.971 ms
Download: 86.02 Mbit/s
Upload: 5.14 Mbit/s

So 20. Dez 20:00:01 CET 2020
============================
Testing from Vodafone Germany (85.216.3.196)...
Hosted by ORANGE FRANCE (Strasbourg) [66.78 km]: 33.198 ms
Download: 80.44 Mbit/s
Upload: 8.24 Mbit/s

So 20. Dez 19:40:02 CET 2020
============================
Testing from Vodafone Germany (85.216.3.196)...
Hosted by ORANGE FRANCE (Strasbourg) [66.78 km]: 27.344 ms
Download: 90.02 Mbit/s
Upload: 5.69 Mbit/s

So 20. Dez 19:20:01 CET 2020
============================
Testing from Vodafone Germany (85.216.3.196)...
Hosted by IWB Telekom (Basel) [48.69 km]: 35.257 ms
Download: 90.48 Mbit/s
Upload: 9.15 Mbit/s

So 20. Dez 19:00:02 CET 2020
============================
Testing from Vodafone Germany (85.216.3.196)...
Hosted by Databaar (Baar) [103.50 km]: 31.246 ms
Download: 90.17 Mbit/s
Upload: 8.64 Mbit/s

So 20. Dez 18:40:02 CET 2020
============================
Testing from Vodafone Germany (85.216.3.196)...
Hosted by WWZ Telekom AG (Zug) [105.86 km]: 26.193 ms
Download: 90.82 Mbit/s
Upload: 7.08 Mbit/s

So 20. Dez 18:20:01 CET 2020
============================
Testing from Vodafone Germany (85.216.3.196)...
Hosted by WWZ Telekom AG (Zug) [105.86 km]: 34.038 ms
Download: 83.84 Mbit/s
Upload: 9.54 Mbit/s

So 20. Dez 18:00:01 CET 2020
============================
Testing from Vodafone Germany (85.216.3.196)...
Hosted by ORANGE FRANCE (Strasbourg) [66.78 km]: 26.382 ms
Download: 88.43 Mbit/s
Upload: 9.62 Mbit/s

So 20. Dez 17:40:01 CET 2020
============================
Testing from Vodafone Germany (85.216.3.196)...
Hosted by ORANGE FRANCE (Strasbourg) [66.78 km]: 26.33 ms
Download: 80.06 Mbit/s
Upload: 10.03 Mbit/s

So 20. Dez 17:20:01 CET 2020
============================
Testing from Vodafone Germany (85.216.3.196)...
Hosted by ORANGE FRANCE (Strasbourg) [66.78 km]: 27.366 ms
Download: 87.03 Mbit/s
Upload: 9.86 Mbit/s

So 20. Dez 17:00:01 CET 2020
============================
Testing from Vodafone Germany (85.216.3.196)...
Hosted by ORANGE FRANCE (Strasbourg) [66.78 km]: 26.982 ms
Download: 85.30 Mbit/s
.Upload: 10.03 Mbit/s

So 20. Dez 16:40:01 CET 2020
============================
Testing from Vodafone Germany (85.216.3.196)...
Hosted by ORANGE FRANCE (Strasbourg) [66.78 km]: 28.23 ms
Download: 88.09 Mbit/s
Upload: 9.95 Mbit/s

So 20. Dez 16:20:01 CET 2020
============================
Testing from Vodafone Germany (85.216.3.196)...
Hosted by ORANGE FRANCE (Strasbourg) [66.78 km]: 28.891 ms
Download: 85.00 Mbit/s
Upload: 7.80 Mbit/s

So 20. Dez 16:00:01 CET 2020
============================
Testing from Vodafone Germany (85.216.3.196)...
Hosted by ORANGE FRANCE (Strasbourg) [66.78 km]: 29.813 ms
Download: 85.65 Mbit/s
Upload: 7.86 Mbit/s

So 20. Dez 15:40:01 CET 2020
============================
Testing from Vodafone Germany (85.216.3.196)...
Hosted by ORANGE FRANCE (Strasbourg) [66.78 km]: 28.449 ms
Download: 90.73 Mbit/s
Upload: 9.71 Mbit/s

So 20. Dez 15:20:01 CET 2020
============================
Testing from Vodafone Germany (85.216.3.196)...
Hosted by ORANGE FRANCE (Strasbourg) [66.78 km]: 28.703 ms
Download: 74.73 Mbit/s
Upload: 6.63 Mbit/s

So 20. Dez 15:00:02 CET 2020
============================
Testing from Vodafone Germany (85.216.3.196)...
Hosted by ORANGE FRANCE (Strasbourg) [66.78 km]: 28.711 ms
Download: 90.24 Mbit/s
Upload: 9.25 Mbit/s

So 20. Dez 14:40:01 CET 2020
============================
Testing from Vodafone Germany (85.216.3.196)...
Hosted by ORANGE FRANCE (Strasbourg) [66.78 km]: 28.421 ms
Download: 84.43 Mbit/s
Upload: 9.94 Mbit/s

So 20. Dez 14:20:02 CET 2020
============================
Testing from Vodafone Germany (85.216.3.196)...
Hosted by ORANGE FRANCE (Strasbourg) [66.78 km]: 28.265 ms
Download: 90.52 Mbit/s
Upload: 9.87 Mbit/s

So 20. Dez 14:00:01 CET 2020
============================
Testing from Vodafone Germany (85.216.3.196)...
Hosted by ORANGE FRANCE (Strasbourg) [66.78 km]: 30.708 ms
Download: 89.21 Mbit/s
Upload: 9.90 Mbit/s

So 20. Dez 13:40:01 CET 2020
============================
Testing from Vodafone Germany (85.216.3.196)...
Hosted by ORANGE FRANCE (Strasbourg) [66.78 km]: 31.205 ms
Download: 82.35 Mbit/s
.Upload: 9.88 Mbit/s

So 20. Dez 13:20:01 CET 2020
============================
Testing from Vodafone Germany (85.216.3.196)...
Hosted by ORANGE FRANCE (Strasbourg) [66.78 km]: 32.044 ms
Download: 87.79 Mbit/s
Upload: 9.71 Mbit/s

So 20. Dez 13:00:01 CET 2020
============================
Testing from Vodafone Germany (85.216.3.196)...
Hosted by ORANGE FRANCE (Strasbourg) [66.78 km]: 33.051 ms
Download: 59.25 Mbit/s
Upload: 9.36 Mbit/s

So 20. Dez 12:40:01 CET 2020
============================
Testing from Vodafone Germany (85.216.3.196)...
Hosted by ORANGE FRANCE (Strasbourg) [66.78 km]: 26.947 ms
Download: 77.30 Mbit/s
Upload: 9.38 Mbit/s

So 20. Dez 12:20:01 CET 2020
============================
Testing from Vodafone Germany (85.216.3.196)...
Hosted by ORANGE FRANCE (Strasbourg) [66.78 km]: 31.474 ms
Download: 90.79 Mbit/s
.Upload: 9.24 Mbit/s

So 20. Dez 12:00:01 CET 2020
============================
Testing from Vodafone Germany (85.216.3.196)...
Hosted by ORANGE FRANCE (Strasbourg) [66.78 km]: 29.994 ms
Download: 69.01 Mbit/s
Upload: 10.04 Mbit/s

So 20. Dez 11:40:01 CET 2020
============================
Testing from Vodafone Germany (85.216.3.196)...
Hosted by ORANGE FRANCE (Strasbourg) [66.78 km]: 24.63 ms
Download: 86.98 Mbit/s
Upload: 9.94 Mbit/s

So 20. Dez 11:20:01 CET 2020
============================
Testing from Vodafone Germany (85.216.3.196)...
Hosted by ORANGE FRANCE (Strasbourg) [66.78 km]: 28.001 ms
Download: 85.34 Mbit/s
Upload: 10.01 Mbit/s

So 20. Dez 11:00:01 CET 2020
============================
Testing from Vodafone Germany (85.216.3.196)...
Hosted by ORANGE FRANCE (Strasbourg) [66.78 km]: 30.676 ms
Download: 85.91 Mbit/s
Upload: 9.99 Mbit/s

So 20. Dez 10:40:01 CET 2020
============================
Testing from Vodafone Germany (85.216.3.196)...
Hosted by Ticinocom SA (Locarno) [216.00 km]: 31.605 ms
Download: 85.48 Mbit/s
Upload: 10.03 Mbit/s

So 20. Dez 10:20:01 CET 2020
============================
Testing from Vodafone Germany (85.216.3.196)...
Hosted by Azienda Multiservizi di Bellinzona (Bellinzona) [218.94 km]: 40.832 ms
Download: 78.07 Mbit/s
Upload: 10.00 Mbit/s

So 20. Dez 10:00:01 CET 2020
============================
Testing from Vodafone Germany (85.216.3.196)...
Hosted by ORANGE FRANCE (Strasbourg) [66.78 km]: 28.128 ms
Download: 85.31 Mbit/s
Upload: 10.03 Mbit/s

So 20. Dez 09:40:01 CET 2020
============================
Testing from Vodafone Germany (85.216.3.196)...
Hosted by ORANGE FRANCE (Strasbourg) [66.78 km]: 28.662 ms
Download: 89.25 Mbit/s
Upload: 10.03 Mbit/s

So 20. Dez 09:20:01 CET 2020
============================
Testing from Vodafone Germany (85.216.3.196)...
Hosted by ORANGE FRANCE (Strasbourg) [66.78 km]: 26.411 ms
Download: 86.11 Mbit/s
Upload: 10.07 Mbit/s

So 20. Dez 09:00:01 CET 2020
============================
Testing from Vodafone Germany (85.216.3.196)...
Hosted by Databaar (Baar) [103.50 km]: 26.621 ms
Download: 91.23 Mbit/s
Upload: 9.89 Mbit/s

So 20. Dez 08:40:01 CET 2020
============================
Testing from Vodafone Germany (85.216.3.196)...
Hosted by EW Höfe AG (Freienbach) [112.66 km]: 30.048 ms
Download: 89.63 Mbit/s
Upload: 9.98 Mbit/s

So 20. Dez 08:20:01 CET 2020
============================
Testing from Vodafone Germany (85.216.3.196)...
Hosted by ORANGE FRANCE (Strasbourg) [66.78 km]: 26.452 ms
Download: 87.23 Mbit/s
Upload: 10.05 Mbit/s

So 20. Dez 08:00:01 CET 2020
============================
Testing from Vodafone Germany (85.216.3.196)...
Hosted by ORANGE FRANCE (Strasbourg) [66.78 km]: 22.62 ms
Download: 88.11 Mbit/s
.Upload: 9.96 Mbit/s

So 20. Dez 07:40:01 CET 2020
============================
Testing from Vodafone Germany (85.216.3.196)...
Hosted by ORANGE FRANCE (Strasbourg) [66.78 km]: 30.16 ms
Download: 90.65 Mbit/s
Upload: 10.02 Mbit/s

So 20. Dez 07:20:02 CET 2020
============================
Testing from Vodafone Germany (85.216.3.196)...
Hosted by ORANGE FRANCE (Strasbourg) [66.78 km]: 25.7 ms
Download: 89.49 Mbit/s
Upload: 10.09 Mbit/s

So 20. Dez 07:00:01 CET 2020
============================
Testing from Vodafone Germany (85.216.3.196)...
Hosted by WWZ Telekom AG (Zug) [105.86 km]: 29.166 ms
Download: 57.54 Mbit/s
Upload: 9.99 Mbit/s

So 20. Dez 06:40:02 CET 2020
============================
Testing from Vodafone Germany (85.216.3.196)...
Hosted by ORANGE FRANCE (Strasbourg) [66.78 km]: 27.834 ms
Download: 90.84 Mbit/s
Upload: 10.06 Mbit/s

So 20. Dez 06:20:01 CET 2020
============================
Testing from Vodafone Germany (85.216.3.196)...
Hosted by Datasource. AG (Zug) [105.86 km]: 34.104 ms
Download: 47.67 Mbit/s
Upload: 3.26 Mbit/s

So 20. Dez 06:00:01 CET 2020
============================
Testing from Vodafone Germany (85.216.3.196)...
Hosted by ORANGE FRANCE (Strasbourg) [66.78 km]: 28.175 ms
Download: 90.94 Mbit/s
Upload: 9.90 Mbit/s

So 20. Dez 05:40:01 CET 2020
============================
Testing from Vodafone Germany (85.216.3.196)...
Hosted by ORANGE FRANCE (Strasbourg) [66.78 km]: 25.335 ms
Download: 91.15 Mbit/s
Upload: 10.04 Mbit/s

So 20. Dez 05:20:01 CET 2020
============================
Testing from Vodafone Germany (85.216.3.196)...
Hosted by ORANGE FRANCE (Strasbourg) [66.78 km]: 25.342 ms
Download: 90.84 Mbit/s
Upload: 10.07 Mbit/s

So 20. Dez 05:00:01 CET 2020
============================
Testing from Vodafone Germany (85.216.3.196)...
Hosted by ORANGE FRANCE (Strasbourg) [66.78 km]: 25.632 ms
Download: 86.15 Mbit/s
Upload: 9.92 Mbit/s

So 20. Dez 04:40:02 CET 2020
============================
Testing from Vodafone Germany (85.216.3.196)...
Hosted by ORANGE FRANCE (Strasbourg) [66.78 km]: 23.043 ms
Download: 85.67 Mbit/s
Upload: 10.04 Mbit/s

So 20. Dez 04:20:01 CET 2020
============================
Testing from Vodafone Germany (85.216.3.196)...
Hosted by ORANGE FRANCE (Strasbourg) [66.78 km]: 26.804 ms
Download: 83.71 Mbit/s
Upload: 10.03 Mbit/s

So 20. Dez 04:00:01 CET 2020
============================
Testing from Vodafone Germany (85.216.3.196)...
Hosted by ORANGE FRANCE (Strasbourg) [66.78 km]: 27.358 ms
Download: 91.30 Mbit/s
Upload: 10.00 Mbit/s

So 20. Dez 03:40:01 CET 2020
============================
Testing from Vodafone Germany (85.216.3.196)...
Hosted by Zillner IT (Hauzenberg) [437.41 km]: 32.31 ms
Download: 74.55 Mbit/s
Upload: 9.90 Mbit/s

So 20. Dez 03:20:01 CET 2020
============================
Testing from Vodafone Germany (85.216.3.196)...
Hosted by Zillner IT (Hauzenberg) [437.41 km]: 28.495 ms
Download: 58.65 Mbit/s
Upload: 9.97 Mbit/s

So 20. Dez 03:00:01 CET 2020
============================
Testing from Vodafone Germany (85.216.3.196)...
Hosted by Energie AG Oberoesterreich Telekom GmbH (Gmunden) [447.16 km]: 38.202 ms
Download: 85.47 Mbit/s
Upload: 9.91 Mbit/s

So 20. Dez 02:40:01 CET 2020
============================
Testing from Vodafone Germany (85.216.3.196)...
Hosted by WWZ Telekom AG (Zug) [105.86 km]: 28.831 ms
Download: 91.48 Mbit/s
Upload: 10.03 Mbit/s

So 20. Dez 02:20:01 CET 2020
============================
Testing from Vodafone Germany (85.216.3.196)...
Hosted by ORANGE FRANCE (Strasbourg) [66.78 km]: 26.435 ms
Download: 85.10 Mbit/s
Upload: 10.05 Mbit/s

So 20. Dez 02:00:01 CET 2020
============================
Testing from Vodafone Germany (85.216.3.196)...
Hosted by ORANGE FRANCE (Strasbourg) [66.78 km]: 26.03 ms
Download: 87.29 Mbit/s
Upload: 9.99 Mbit/s

So 20. Dez 01:40:01 CET 2020
============================
Testing from Vodafone Germany (85.216.3.196)...
Hosted by green.ch AG (Lupfig) [67.79 km]: 30.564 ms
Download: 87.14 Mbit/s
Upload: 9.96 Mbit/s

So 20. Dez 01:20:01 CET 2020
============================
Testing from Vodafone Germany (85.216.3.196)...
Hosted by ORANGE FRANCE (Strasbourg) [66.78 km]: 27.378 ms
Download: 89.29 Mbit/s
Upload: 9.91 Mbit/s

So 20. Dez 01:00:01 CET 2020
============================
Testing from Vodafone Germany (85.216.3.196)...
Hosted by ORANGE FRANCE (Strasbourg) [66.78 km]: 28.551 ms
Download: 87.80 Mbit/s
Upload: 9.74 Mbit/s

So 20. Dez 00:40:01 CET 2020
============================
Testing from Vodafone Germany (85.216.3.196)...
Hosted by ORANGE FRANCE (Strasbourg) [66.78 km]: 30.354 ms
Download: 89.06 Mbit/s
Upload: 10.01 Mbit/s

So 20. Dez 00:20:01 CET 2020
============================
Testing from Vodafone Germany (85.216.3.196)...
Hosted by green.ch AG (Lupfig) [67.79 km]: 32.255 ms
Download: 87.39 Mbit/s
Upload: 9.79 Mbit/s

So 20. Dez 00:00:01 CET 2020
============================
Testing from Vodafone Germany (85.216.3.196)...
Hosted by ORANGE FRANCE (Strasbourg) [66.78 km]: 26.867 ms
Download: 83.38 Mbit/s
Upload: 9.61 Mbit/s

Sa 19. Dez 23:40:01 CET 2020
============================
Testing from Vodafone Germany (85.216.3.196)...
Hosted by green.ch AG (Lupfig) [67.79 km]: 32.292 ms
Download: 89.85 Mbit/s
Upload: 9.87 Mbit/s

Sa 19. Dez 23:20:01 CET 2020
============================
Testing from Vodafone Germany (85.216.3.196)...
Hosted by ORANGE FRANCE (Strasbourg) [66.78 km]: 28.02 ms
Download: 84.89 Mbit/s
Upload: 9.84 Mbit/s

Sa 19. Dez 23:00:02 CET 2020
============================
Testing from Vodafone Germany (85.216.3.196)...
Hosted by green.ch AG (Lupfig) [67.79 km]: 31.007 ms
Download: 88.29 Mbit/s
Upload: 9.84 Mbit/s

Sa 19. Dez 22:40:01 CET 2020
============================
Testing from Vodafone Germany (85.216.3.196)...
Hosted by ORANGE FRANCE (Strasbourg) [66.78 km]: 31.871 ms
Download: 84.37 Mbit/s
Upload: 6.69 Mbit/s

Sa 19. Dez 22:20:01 CET 2020
============================
Testing from Vodafone Germany (85.216.3.196)...
Hosted by green.ch AG (Lupfig) [67.79 km]: 33.983 ms
Download: 88.52 Mbit/s
Upload: 7.22 Mbit/s

Sa 19. Dez 22:00:01 CET 2020
============================
Testing from Vodafone Germany (85.216.3.196)...
Hosted by IWB Telekom (Basel) [48.69 km]: 34.924 ms
Download: 45.68 Mbit/s
.Upload: 5.98 Mbit/s

Sa 19. Dez 21:40:01 CET 2020
============================
Testing from Vodafone Germany (85.216.3.196)...
Hosted by FSIT AG (Dietikon) [79.25 km]: 35.827 ms
Download: 85.29 Mbit/s
Upload: 4.66 Mbit/s

Sa 19. Dez 21:20:01 CET 2020
============================
Testing from Vodafone Germany (85.216.3.196)...
Hosted by green.ch AG (Lupfig) [67.79 km]: 32.943 ms
Download: 88.74 Mbit/s
Upload: 6.08 Mbit/s

Sa 19. Dez 21:00:01 CET 2020
============================
Testing from Vodafone Germany (85.216.3.196)...
Hosted by FSIT AG (Dietikon) [79.25 km]: 32.782 ms
Download: 86.76 Mbit/s
.Upload: 7.48 Mbit/s

Sa 19. Dez 20:40:01 CET 2020
============================
Testing from Vodafone Germany (85.216.3.196)...
Hosted by WWZ Telekom AG (Zug) [105.86 km]: 32.853 ms
Download: 76.95 Mbit/s
Upload: 3.43 Mbit/s

Sa 19. Dez 20:20:01 CET 2020
============================
Testing from Vodafone Germany (85.216.3.196)...
Hosted by ORANGE FRANCE (Strasbourg) [66.78 km]: 32.125 ms
Download: 81.94 Mbit/s
Upload: 6.81 Mbit/s

Sa 19. Dez 20:00:01 CET 2020
============================
Testing from Vodafone Germany (85.216.3.196)...
Hosted by Databaar (Baar) [103.50 km]: 36.988 ms
Download: 83.65 Mbit/s
Upload: 6.05 Mbit/s

Sa 19. Dez 19:40:01 CET 2020
============================
Testing from Vodafone Germany (85.216.3.196)...
Hosted by ORANGE FRANCE (Strasbourg) [66.78 km]: 32.32 ms
Download: 86.10 Mbit/s
Upload: 9.72 Mbit/s

Sa 19. Dez 19:20:01 CET 2020
============================
Testing from Vodafone Germany (85.216.3.196)...
Hosted by ORANGE FRANCE (Strasbourg) [66.78 km]: 26.783 ms
Download: 80.60 Mbit/s
Upload: 5.26 Mbit/s

Sa 19. Dez 19:00:01 CET 2020
============================
Testing from Vodafone Germany (85.216.3.196)...
Hosted by ORANGE FRANCE (Strasbourg) [66.78 km]: 32.971 ms
Download: 74.86 Mbit/s
Upload: 6.42 Mbit/s

Sa 19. Dez 18:40:01 CET 2020
============================
Testing from Vodafone Germany (85.216.3.196)...
Hosted by ORANGE FRANCE (Strasbourg) [66.78 km]: 31.428 ms
Download: 90.00 Mbit/s
Upload: 9.68 Mbit/s

Sa 19. Dez 18:20:01 CET 2020
============================
Testing from Vodafone Germany (85.216.3.196)...
Hosted by WWZ Telekom AG (Zug) [105.86 km]: 30.89 ms
Download: 90.62 Mbit/s
Upload: 9.90 Mbit/s

Sa 19. Dez 18:00:01 CET 2020
============================
Testing from Vodafone Germany (85.216.3.196)...
Hosted by green.ch AG (Lupfig) [67.79 km]: 35.124 ms
Download: 86.50 Mbit/s
Upload: 9.06 Mbit/s

Sa 19. Dez 17:40:01 CET 2020
============================
Testing from Vodafone Germany (85.216.3.196)...
Hosted by WWZ Telekom AG (Zug) [105.86 km]: 30.666 ms
Download: 85.75 Mbit/s
Upload: 9.97 Mbit/s

Sa 19. Dez 17:20:01 CET 2020
============================
Testing from Vodafone Germany (85.216.3.196)...
Hosted by Pfalzkom GMBH (Ludwigshafen) [172.91 km]: 24.646 ms
Download: 91.43 Mbit/s
Upload: 8.74 Mbit/s

Sa 19. Dez 17:00:02 CET 2020
============================
Testing from Vodafone Germany (85.216.3.196)...
Hosted by Pfalzkom GMBH (Ludwigshafen) [172.91 km]: 27.948 ms
Download: 86.21 Mbit/s
Upload: 9.89 Mbit/s

Sa 19. Dez 16:40:01 CET 2020
============================
Testing from Vodafone Germany (85.216.3.196)...
Hosted by ORANGE FRANCE (Strasbourg) [66.78 km]: 28.385 ms
Download: 90.49 Mbit/s
Upload: 9.31 Mbit/s

Sa 19. Dez 16:20:01 CET 2020
============================
Testing from Vodafone Germany (85.216.3.196)...
Hosted by green.ch AG (Lupfig) [67.79 km]: 32.345 ms
Download: 89.84 Mbit/s
Upload: 9.16 Mbit/s

Sa 19. Dez 16:00:01 CET 2020
============================
Testing from Vodafone Germany (85.216.3.196)...
Hosted by ORANGE FRANCE (Strasbourg) [66.78 km]: 30.601 ms
Download: 84.01 Mbit/s
Upload: 8.20 Mbit/s

Sa 19. Dez 15:40:01 CET 2020
============================
Testing from Vodafone Germany (85.216.3.196)...
Hosted by Zillner IT (Hauzenberg) [437.41 km]: 29.352 ms
Download: 73.79 Mbit/s
Upload: 6.94 Mbit/s

Sa 19. Dez 15:20:01 CET 2020
============================
Testing from Vodafone Germany (85.216.3.196)...
Hosted by ORANGE FRANCE (Strasbourg) [66.78 km]: 28.359 ms
Download: 90.20 Mbit/s
Upload: 10.02 Mbit/s

Sa 19. Dez 15:00:01 CET 2020
============================
Testing from Vodafone Germany (85.216.3.196)...
Hosted by Energie AG Oberoesterreich Telekom GmbH (Gmunden) [447.16 km]: 36.773 ms
Download: 41.15 Mbit/s
Upload: 8.23 Mbit/s

Sa 19. Dez 14:40:01 CET 2020
============================
Testing from Vodafone Germany (85.216.3.196)...
Hosted by ORANGE FRANCE (Strasbourg) [66.78 km]: 27.136 ms
Download: 78.35 Mbit/s
Upload: 9.87 Mbit/s

Sa 19. Dez 14:20:01 CET 2020
============================
Testing from Vodafone Germany (85.216.3.196)...
Hosted by ORANGE FRANCE (Strasbourg) [66.78 km]: 31.856 ms
Download: 83.68 Mbit/s
.Upload: 9.54 Mbit/s

Sa 19. Dez 14:00:01 CET 2020
============================
Testing from Vodafone Germany (85.216.3.196)...
Hosted by ORANGE FRANCE (Strasbourg) [66.78 km]: 23.728 ms
Download: 76.40 Mbit/s
Upload: 9.88 Mbit/s

Sa 19. Dez 13:40:01 CET 2020
============================
Testing from Vodafone Germany (85.216.3.196)...
Hosted by ORANGE FRANCE (Strasbourg) [66.78 km]: 33.136 ms
Download: 84.74 Mbit/s
Upload: 9.19 Mbit/s

Sa 19. Dez 13:20:01 CET 2020
============================
Testing from Vodafone Germany (85.216.3.196)...
Hosted by ORANGE FRANCE (Strasbourg) [66.78 km]: 32.27 ms
Download: 87.17 Mbit/s
Upload: 9.89 Mbit/s

Sa 19. Dez 13:00:01 CET 2020
============================
Testing from Vodafone Germany (85.216.3.196)...
Hosted by Databaar (Baar) [103.50 km]: 34.118 ms
Download: 85.47 Mbit/s
Upload: 9.39 Mbit/s

Sa 19. Dez 12:40:01 CET 2020
============================
Testing from Vodafone Germany (85.216.3.196)...
Hosted by ORANGE FRANCE (Strasbourg) [66.78 km]: 29.126 ms
Download: 88.62 Mbit/s
Upload: 9.93 Mbit/s

Sa 19. Dez 12:20:01 CET 2020
============================
Testing from Vodafone Germany (85.216.3.196)...
Hosted by ORANGE FRANCE (Strasbourg) [66.78 km]: 31.229 ms
Download: 83.32 Mbit/s
Upload: 9.92 Mbit/s

Sa 19. Dez 12:00:01 CET 2020
============================
Testing from Vodafone Germany (85.216.3.196)...
Hosted by WWZ Telekom AG (Zug) [105.86 km]: 32.408 ms
Download: 78.50 Mbit/s
Upload: 9.94 Mbit/s

Sa 19. Dez 11:40:01 CET 2020
============================
Testing from Vodafone Germany (85.216.3.196)...
Hosted by ORANGE FRANCE (Strasbourg) [66.78 km]: 26.538 ms
Download: 86.24 Mbit/s
Upload: 9.31 Mbit/s

Sa 19. Dez 11:20:01 CET 2020
============================
Testing from Vodafone Germany (85.216.3.196)...
Hosted by WWZ Telekom AG (Zug) [105.86 km]: 34.467 ms
Download: 91.03 Mbit/s
Upload: 9.76 Mbit/s

Sa 19. Dez 11:00:01 CET 2020
============================
Testing from Vodafone Germany (85.216.3.196)...
Hosted by ORANGE FRANCE (Strasbourg) [66.78 km]: 30.782 ms
Download: 84.53 Mbit/s
Upload: 9.94 Mbit/s

Sa 19. Dez 10:40:01 CET 2020
============================
Testing from Vodafone Germany (85.216.3.196)...
Hosted by WWZ Telekom AG (Zug) [105.86 km]: 29.663 ms
Download: 89.38 Mbit/s
.Upload: 9.83 Mbit/s

Sa 19. Dez 10:20:01 CET 2020
============================
Testing from Vodafone Germany (85.216.3.196)...
Hosted by Databaar (Baar) [103.50 km]: 35.647 ms
Download: 87.07 Mbit/s
Upload: 9.63 Mbit/s

Sa 19. Dez 10:00:01 CET 2020
============================
Testing from Vodafone Germany (85.216.3.196)...
Hosted by ORANGE FRANCE (Strasbourg) [66.78 km]: 31.321 ms
Download: 89.79 Mbit/s
Upload: 9.93 Mbit/s

Sa 19. Dez 09:40:01 CET 2020
============================
Testing from Vodafone Germany (85.216.3.196)...
Hosted by ORANGE FRANCE (Strasbourg) [66.78 km]: 28.399 ms
Download: 87.57 Mbit/s
Upload: 9.98 Mbit/s

Sa 19. Dez 09:20:01 CET 2020
============================
Testing from Vodafone Germany (85.216.3.196)...
Hosted by Hochschule Trier (Trier) [213.77 km]: 28.561 ms
Download: 90.04 Mbit/s
Upload: 9.95 Mbit/s

Sa 19. Dez 09:00:01 CET 2020
============================
Testing from Vodafone Germany (85.216.3.196)...
Hosted by Databaar (Baar) [103.50 km]: 28.784 ms
Download: 90.12 Mbit/s
Upload: 9.92 Mbit/s

Sa 19. Dez 08:40:01 CET 2020
============================
Testing from Vodafone Germany (85.216.3.196)...
Hosted by Databaar (Baar) [103.50 km]: 32.548 ms
Download: 91.08 Mbit/s
Upload: 10.00 Mbit/s

Sa 19. Dez 08:20:01 CET 2020
============================
Testing from Vodafone Germany (85.216.3.196)...
Hosted by ORANGE FRANCE (Strasbourg) [66.78 km]: 22.497 ms
Download: 88.61 Mbit/s
Upload: 10.04 Mbit/s

Sa 19. Dez 08:00:01 CET 2020
============================
Testing from Vodafone Germany (85.216.3.196)...
Hosted by ORANGE FRANCE (Strasbourg) [66.78 km]: 29.303 ms
Download: 90.68 Mbit/s
Upload: 10.02 Mbit/s

Sa 19. Dez 07:40:01 CET 2020
============================
Testing from Vodafone Germany (85.216.3.196)...
Hosted by TIM SpA (Bologna) [474.12 km]: 40.164 ms
Download: 80.61 Mbit/s
Upload: 9.89 Mbit/s

Sa 19. Dez 07:20:01 CET 2020
============================
Testing from Vodafone Germany (85.216.3.196)...
Hosted by ORANGE FRANCE (Strasbourg) [66.78 km]: 23.416 ms
Download: 86.61 Mbit/s
Upload: 10.03 Mbit/s

Sa 19. Dez 07:00:01 CET 2020
============================
Testing from Vodafone Germany (85.216.3.196)...
Hosted by ORANGE FRANCE (Strasbourg) [66.78 km]: 25.529 ms
Download: 77.64 Mbit/s
Upload: 10.01 Mbit/s

Sa 19. Dez 06:40:01 CET 2020
============================
Testing from Vodafone Germany (85.216.3.196)...
Hosted by ORANGE FRANCE (Strasbourg) [66.78 km]: 24.99 ms
Download: 85.56 Mbit/s
Upload: 9.95 Mbit/s

Sa 19. Dez 06:20:01 CET 2020
============================
Testing from Vodafone Germany (85.216.3.196)...
Hosted by ORANGE FRANCE (Strasbourg) [66.78 km]: 24.299 ms
Download: 88.71 Mbit/s
Upload: 10.08 Mbit/s

Sa 19. Dez 06:00:01 CET 2020
============================
Testing from Vodafone Germany (85.216.3.196)...
Hosted by ORANGE FRANCE (Strasbourg) [66.78 km]: 23.958 ms
Download: 88.39 Mbit/s
Upload: 9.93 Mbit/s

Sa 19. Dez 05:40:01 CET 2020
============================
Testing from Vodafone Germany (85.216.3.196)...
Hosted by ORANGE FRANCE (Strasbourg) [66.78 km]: 28.987 ms
Download: 89.24 Mbit/s
Upload: 10.09 Mbit/s

Sa 19. Dez 05:20:02 CET 2020
============================
Testing from Vodafone Germany (85.216.3.196)...
Hosted by ORANGE FRANCE (Strasbourg) [66.78 km]: 23.34 ms
Download: 90.91 Mbit/s
Upload: 10.07 Mbit/s

Sa 19. Dez 05:00:02 CET 2020
============================
Testing from Vodafone Germany (85.216.3.196)...
Hosted by ORANGE FRANCE (Strasbourg) [66.78 km]: 23.202 ms
Download: 91.23 Mbit/s
Upload: 10.07 Mbit/s

Sa 19. Dez 04:40:01 CET 2020
============================
Testing from Vodafone Germany (85.216.3.196)...
Hosted by green.ch AG (Lupfig) [67.79 km]: 30.908 ms
Download: 91.80 Mbit/s
Upload: 9.98 Mbit/s

Sa 19. Dez 04:20:01 CET 2020
============================
Testing from Vodafone Germany (85.216.3.196)...
Hosted by ORANGE FRANCE (Strasbourg) [66.78 km]: 26.179 ms
Download: 85.49 Mbit/s
Upload: 10.01 Mbit/s

Sa 19. Dez 04:00:01 CET 2020
============================
Testing from Vodafone Germany (85.216.3.196)...
Hosted by WWZ Telekom AG (Zug) [105.86 km]: 28.845 ms
Download: 86.06 Mbit/s
Upload: 9.99 Mbit/s

Sa 19. Dez 03:40:01 CET 2020
============================
Testing from Vodafone Germany (85.216.3.196)...
Hosted by WWZ Telekom AG (Zug) [105.86 km]: 24.995 ms
Download: 91.30 Mbit/s
Upload: 9.93 Mbit/s

Sa 19. Dez 03:20:01 CET 2020
============================
Testing from Vodafone Germany (85.216.3.196)...
Hosted by WWZ Telekom AG (Zug) [105.86 km]: 33.127 ms
Download: 88.61 Mbit/s
Upload: 9.96 Mbit/s

Sa 19. Dez 03:00:01 CET 2020
============================
Testing from Vodafone Germany (85.216.3.196)...
Hosted by ORANGE FRANCE (Strasbourg) [66.78 km]: 26.939 ms
Download: 89.47 Mbit/s
Upload: 10.03 Mbit/s

Sa 19. Dez 02:40:01 CET 2020
============================
Testing from Vodafone Germany (85.216.3.196)...
Hosted by GGEW net GmbH (Bensheim) [198.58 km]: 22.693 ms
Download: 89.55 Mbit/s
Upload: 9.72 Mbit/s

Sa 19. Dez 02:20:01 CET 2020
============================
Testing from Vodafone Germany (85.216.3.196)...
Hosted by ORANGE FRANCE (Strasbourg) [66.78 km]: 28.363 ms
Download: 84.41 Mbit/s
Upload: 10.10 Mbit/s

Sa 19. Dez 02:00:02 CET 2020
============================
Testing from Vodafone Germany (85.216.3.196)...
Hosted by Pfalzkom GMBH (Ludwigshafen) [172.91 km]: 26.999 ms
Download: 88.06 Mbit/s
Upload: 9.99 Mbit/s

Sa 19. Dez 01:40:01 CET 2020
============================
Testing from Vodafone Germany (85.216.3.196)...
Hosted by Mobile Breitbandnetze GmbH (Freisbach) [147.35 km]: 23.455 ms
Download: 88.89 Mbit/s
Upload: 9.97 Mbit/s

Sa 19. Dez 01:20:01 CET 2020
============================
Testing from Vodafone Germany (85.216.3.196)...
Hosted by green.ch AG (Lupfig) [67.79 km]: 31.253 ms
Download: 91.40 Mbit/s
Upload: 8.28 Mbit/s

Sa 19. Dez 01:00:01 CET 2020
============================
Testing from Vodafone Germany (85.216.3.196)...
Hosted by ORANGE FRANCE (Strasbourg) [66.78 km]: 27.595 ms
Download: 87.62 Mbit/s
Upload: 8.67 Mbit/s

Sa 19. Dez 00:40:01 CET 2020
============================
Testing from Vodafone Germany (85.216.3.196)...
Hosted by ORANGE FRANCE (Strasbourg) [66.78 km]: 26.847 ms
Download: 82.69 Mbit/s
Upload: 8.14 Mbit/s

Sa 19. Dez 00:20:01 CET 2020
============================
Testing from Vodafone Germany (85.216.3.196)...
Hosted by ORANGE FRANCE (Strasbourg) [66.78 km]: 28.206 ms
Download: 89.66 Mbit/s
Upload: 7.25 Mbit/s

Sa 19. Dez 00:00:03 CET 2020
============================
Testing from Vodafone Germany (85.216.3.196)...
Hosted by ORANGE FRANCE (Strasbourg) [66.78 km]: 29.484 ms
Download: 90.46 Mbit/s
Upload: 7.40 Mbit/s

Fr 18. Dez 23:40:01 CET 2020
============================
Testing from Vodafone Germany (85.216.3.196)...
Hosted by ORANGE FRANCE (Strasbourg) [66.78 km]: 44.44 ms
Download: 88.99 Mbit/s
Upload: 7.59 Mbit/s

Fr 18. Dez 23:20:01 CET 2020
============================
Testing from Vodafone Germany (85.216.3.196)...
Hosted by green.ch AG (Lupfig) [67.79 km]: 38.324 ms
Download: 90.94 Mbit/s
Upload: 9.37 Mbit/s

Fr 18. Dez 23:00:01 CET 2020
============================
Testing from Vodafone Germany (85.216.3.196)...
Hosted by ORANGE FRANCE (Strasbourg) [66.78 km]: 32.138 ms
Download: 85.14 Mbit/s
Upload: 7.62 Mbit/s

Fr 18. Dez 22:40:01 CET 2020
============================
Testing from Vodafone Germany (85.216.3.196)...
Hosted by ORANGE FRANCE (Strasbourg) [66.78 km]: 32.37 ms
Download: 73.16 Mbit/s
.Upload: 3.47 Mbit/s

Fr 18. Dez 22:20:01 CET 2020
============================
Testing from Vodafone Germany (85.216.3.196)...
Hosted by ORANGE FRANCE (Strasbourg) [66.78 km]: 40.433 ms
Download: 32.49 Mbit/s
Upload: 2.36 Mbit/s

Fr 18. Dez 22:00:01 CET 2020
============================
Testing from Vodafone Germany (85.216.3.196)...
Hosted by green.ch AG (Lupfig) [67.79 km]: 39.822 ms
Download: 67.13 Mbit/s
Upload: 2.51 Mbit/s

Fr 18. Dez 21:40:01 CET 2020
============================
Testing from Vodafone Germany (85.216.3.196)...
Hosted by ORANGE FRANCE (Strasbourg) [66.78 km]: 44.136 ms
Download: 57.08 Mbit/s
Upload: 3.78 Mbit/s

Fr 18. Dez 21:20:01 CET 2020
============================
Testing from Vodafone Germany (85.216.3.196)...
Hosted by ORANGE FRANCE (Strasbourg) [66.78 km]: 42.043 ms
Download: 62.41 Mbit/s
Upload: 1.69 Mbit/s

Fr 18. Dez 21:00:01 CET 2020
============================
Testing from Vodafone Germany (85.216.3.196)...
Hosted by Databaar (Baar) [103.50 km]: 37.724 ms
Download: 79.59 Mbit/s
Upload: 2.26 Mbit/s

Fr 18. Dez 20:40:02 CET 2020
============================
Testing from Vodafone Germany (85.216.3.196)...
Hosted by fdcservers.net (Frankfurt) [245.12 km]: 27.743 ms
Download: 87.47 Mbit/s
Upload: 6.76 Mbit/s

Fr 18. Dez 20:20:01 CET 2020
============================
Testing from Vodafone Germany (85.216.3.196)...
Hosted by Databaar (Baar) [103.50 km]: 39.267 ms
Download: 79.58 Mbit/s
Upload: 2.67 Mbit/s

Fr 18. Dez 20:00:01 CET 2020
============================
Testing from Vodafone Germany (85.216.3.196)...
Hosted by fdcservers.net (Frankfurt) [245.12 km]: 29.93 ms
Download: 87.45 Mbit/s
Upload: 4.68 Mbit/s

Fr 18. Dez 19:40:02 CET 2020
============================
Testing from Vodafone Germany (85.216.3.196)...
Hosted by ORANGE FRANCE (Strasbourg) [66.78 km]: 29.764 ms
Download: 76.65 Mbit/s
Upload: 6.62 Mbit/s

Fr 18. Dez 19:20:01 CET 2020
============================
Testing from Vodafone Germany (85.216.3.196)...
Hosted by green.ch AG (Lupfig) [67.79 km]: 35.574 ms
Download: 44.37 Mbit/s
Upload: 7.44 Mbit/s

Fr 18. Dez 19:00:01 CET 2020
============================
Testing from Vodafone Germany (85.216.3.196)...
Hosted by ORANGE FRANCE (Strasbourg) [66.78 km]: 29.865 ms
Download: 68.14 Mbit/s
Upload: 8.97 Mbit/s

Fr 18. Dez 18:40:02 CET 2020
============================
Testing from Vodafone Germany (85.216.3.196)...
Hosted by ORANGE FRANCE (Puteaux) [421.74 km]: 30.798 ms
Download: 64.56 Mbit/s
Upload: 8.77 Mbit/s

Fr 18. Dez 18:20:01 CET 2020
============================
Testing from Vodafone Germany (85.216.3.196)...
Hosted by Maasaki (Roubaix) [450.85 km]: 35.632 ms
Download: 40.27 Mbit/s
Upload: 6.50 Mbit/s

Fr 18. Dez 18:00:01 CET 2020
============================
Testing from Vodafone Germany (85.216.3.196)...
Hosted by Databaar (Baar) [103.50 km]: 37.458 ms
Download: 81.04 Mbit/s
Upload: 7.46 Mbit/s

Fr 18. Dez 17:40:01 CET 2020
============================
Testing from Vodafone Germany (85.216.3.196)...
Hosted by WWZ Telekom AG (Zug) [105.86 km]: 29.759 ms
Download: 89.34 Mbit/s
Upload: 9.77 Mbit/s

Fr 18. Dez 17:20:01 CET 2020
============================
Testing from Vodafone Germany (85.216.3.196)...
Hosted by Hostplexus.ch (Luzern) [110.86 km]: 36.678 ms
Download: 87.43 Mbit/s
Upload: 9.01 Mbit/s

Fr 18. Dez 17:00:01 CET 2020
============================
Testing from Vodafone Germany (85.216.3.196)...
Hosted by ORANGE FRANCE (Strasbourg) [66.78 km]: 31.735 ms
Download: 78.26 Mbit/s
Upload: 9.37 Mbit/s

Fr 18. Dez 16:40:01 CET 2020
============================
Testing from Vodafone Germany (85.216.3.196)...
Hosted by ORANGE FRANCE (Strasbourg) [66.78 km]: 30.527 ms
Download: 85.35 Mbit/s
Upload: 6.65 Mbit/s

Fr 18. Dez 16:20:01 CET 2020
============================
Testing from Vodafone Germany (85.216.3.196)...
Hosted by ORANGE FRANCE (Strasbourg) [66.78 km]: 32.411 ms
Download: 87.43 Mbit/s
Upload: 4.65 Mbit/s

Fr 18. Dez 16:00:01 CET 2020
============================
Testing from Vodafone Germany (85.216.3.196)...
Hosted by ORANGE FRANCE (Strasbourg) [66.78 km]: 32.29 ms
Download: 80.93 Mbit/s
Upload: 8.84 Mbit/s

Fr 18. Dez 15:40:01 CET 2020
============================
Testing from Vodafone Germany (85.216.3.196)...
Hosted by ORANGE FRANCE (Strasbourg) [66.78 km]: 33.193 ms
Download: 71.05 Mbit/s
Upload: 4.48 Mbit/s

Fr 18. Dez 15:20:01 CET 2020
============================
Testing from Vodafone Germany (85.216.3.196)...
Hosted by ORANGE FRANCE (Strasbourg) [66.78 km]: 30.155 ms
Download: 86.83 Mbit/s
Upload: 6.11 Mbit/s

Fr 18. Dez 15:00:01 CET 2020
============================
Testing from Vodafone Germany (85.216.3.196)...
Hosted by ORANGE FRANCE (Strasbourg) [66.78 km]: 34.765 ms
Download: 90.41 Mbit/s
Upload: 4.34 Mbit/s

Fr 18. Dez 14:40:01 CET 2020
============================
Testing from Vodafone Germany (85.216.3.196)...
Hosted by ORANGE FRANCE (Strasbourg) [66.78 km]: 36.151 ms
Download: 84.75 Mbit/s
Upload: 5.10 Mbit/s

Fr 18. Dez 14:20:02 CET 2020
============================
Testing from Vodafone Germany (85.216.3.196)...
Hosted by ORANGE FRANCE (Strasbourg) [66.78 km]: 26.784 ms
Download: 64.74 Mbit/s
Upload: 1.73 Mbit/s

Fr 18. Dez 14:00:01 CET 2020
============================
Testing from Vodafone Germany (85.216.3.196)...
Hosted by ORANGE FRANCE (Strasbourg) [66.78 km]: 27.272 ms
Download: 89.65 Mbit/s
Upload: 7.96 Mbit/s

Fr 18. Dez 13:40:01 CET 2020
============================
Testing from Vodafone Germany (85.216.3.196)...
Hosted by ORANGE FRANCE (Strasbourg) [66.78 km]: 27.0 ms
Download: 86.48 Mbit/s
Upload: 9.38 Mbit/s

Fr 18. Dez 13:32:10 CET 2020
============================
Testing from Vodafone Germany (85.216.3.196)...
Hosted by ORANGE FRANCE (Strasbourg) [66.78 km]: 35.618 ms
Download: 85.94 Mbit/s
Upload: 8.36 Mbit/s

Fr 18. Dez 13:20:01 CET 2020
============================
Testing from Vodafone Germany (85.216.3.196)...
Hosted by Gemnet LLC (Frankfurt) [245.12 km]: 24.021 ms
Download: 31.77 Mbit/s
Upload: 1.05 Mbit/s

Fr 18. Dez 13:00:01 CET 2020
============================
Testing from Vodafone Germany (85.216.3.196)...
Hosted by Gemnet LLC (Frankfurt) [245.12 km]: 29.49 ms
Download: 29.77 Mbit/s
Upload: 1.05 Mbit/s

Fr 18. Dez 12:40:01 CET 2020
============================
Testing from Vodafone Germany (85.216.3.196)...
Hosted by ORANGE FRANCE (Strasbourg) [66.78 km]: 36.667 ms
Download: 29.69 Mbit/s
Upload: 0.90 Mbit/s

Fr 18. Dez 12:20:01 CET 2020
============================
Testing from Vodafone Germany (85.216.3.196)...
Hosted by ORANGE FRANCE (Strasbourg) [66.78 km]: 42.72 ms
Download: 9.83 Mbit/s
Upload: 0.21 Mbit/s

Fr 18. Dez 12:00:01 CET 2020
============================
Testing from Vodafone Germany (85.216.3.196)...
Hosted by WWZ Telekom AG (Zug) [105.86 km]: 53.619 ms
Download: 7.43 Mbit/s
Upload: 0.21 Mbit/s

Fr 18. Dez 11:40:01 CET 2020
============================

Fr 18. Dez 11:20:01 CET 2020
============================
Testing from Vodafone Germany (85.216.3.196)...
Hosted by ORANGE FRANCE (Strasbourg) [66.78 km]: 43.339 ms
.Download: 7.54 Mbit/s
Upload: 0.12 Mbit/s

Fr 18. Dez 11:00:02 CET 2020
============================
Testing from Vodafone Germany (85.216.3.196)...
Hosted by ORANGE FRANCE (Strasbourg) [66.78 km]: 45.034 ms
Download: 1.67 Mbit/s
Upload: 0.12 Mbit/s

Fr 18. Dez 10:40:01 CET 2020
============================
Testing from Vodafone Germany (85.216.3.196)...
Hosted by ORANGE FRANCE (Strasbourg) [66.78 km]: 41.068 ms
Download: 16.60 Mbit/s
Upload: 0.12 Mbit/s

Fr 18. Dez 10:20:01 CET 2020
============================
Testing from Vodafone Germany (85.216.3.196)...
Hosted by green.ch AG (Lupfig) [67.79 km]: 51.142 ms
Download: 10.65 Mbit/s
Upload: 0.12 Mbit/s

Fr 18. Dez 10:00:01 CET 2020
============================

Fr 18. Dez 09:40:02 CET 2020
============================
Testing from Vodafone Germany (85.216.3.196)...
Hosted by ORANGE FRANCE (Strasbourg) [66.78 km]: 35.103 ms
Download: 28.18 Mbit/s
Upload: 0.83 Mbit/s

Fr 18. Dez 09:20:01 CET 2020
============================
Testing from Vodafone Germany (85.216.3.196)...
Hosted by IWB Telekom (Basel) [48.69 km]: 42.578 ms
Download: 31.44 Mbit/s
Upload: 0.70 Mbit/s

Fr 18. Dez 09:00:01 CET 2020
============================
Testing from Vodafone Germany (85.216.3.196)...
Hosted by ORANGE FRANCE (Strasbourg) [66.78 km]: 34.02 ms
Download: 31.36 Mbit/s
Upload: 2.24 Mbit/s

Fr 18. Dez 08:40:01 CET 2020
============================
Testing from Vodafone Germany (85.216.3.196)...
Hosted by ORANGE FRANCE (Strasbourg) [66.78 km]: 27.322 ms
Download: 31.54 Mbit/s
Upload: 3.03 Mbit/s

Fr 18. Dez 08:20:01 CET 2020
============================
Testing from Vodafone Germany (85.216.3.196)...
Hosted by ORANGE FRANCE (Strasbourg) [66.78 km]: 26.672 ms
Download: 31.86 Mbit/s
Upload: 2.97 Mbit/s

Fr 18. Dez 08:00:01 CET 2020
============================
Testing from Vodafone Germany (85.216.3.196)...
Hosted by ORANGE FRANCE (Strasbourg) [66.78 km]: 31.469 ms
Download: 31.94 Mbit/s
Upload: 2.92 Mbit/s

Fr 18. Dez 07:40:01 CET 2020
============================
Testing from Vodafone Germany (85.216.3.196)...
Hosted by green.ch AG (Lupfig) [67.79 km]: 29.74 ms
Download: 31.04 Mbit/s
Upload: 3.01 Mbit/s

Fr 18. Dez 07:20:01 CET 2020
============================
Testing from Vodafone Germany (85.216.3.196)...
Hosted by ORANGE FRANCE (Strasbourg) [66.78 km]: 29.019 ms
Download: 31.16 Mbit/s
Upload: 3.09 Mbit/s

Fr 18. Dez 07:00:01 CET 2020
============================
Testing from Vodafone Germany (85.216.3.196)...
Hosted by IWB Telekom (Basel) [48.69 km]: 31.305 ms
Download: 31.29 Mbit/s
Upload: 3.02 Mbit/s

Fr 18. Dez 06:40:01 CET 2020
============================
Testing from Vodafone Germany (85.216.3.196)...
Hosted by WWZ Telekom AG (Zug) [105.86 km]: 27.001 ms
Download: 31.10 Mbit/s
Upload: 2.96 Mbit/s

Fr 18. Dez 06:20:01 CET 2020
============================
Testing from Vodafone Germany (85.216.3.196)...
Hosted by Databaar (Baar) [103.50 km]: 30.75 ms
Download: 31.43 Mbit/s
Upload: 3.01 Mbit/s

Fr 18. Dez 06:00:01 CET 2020
============================
Testing from Vodafone Germany (85.216.3.196)...
Hosted by ORANGE FRANCE (Strasbourg) [66.78 km]: 24.205 ms
Download: 31.61 Mbit/s
Upload: 3.03 Mbit/s

Fr 18. Dez 05:40:01 CET 2020
============================
Testing from Vodafone Germany (85.216.3.196)...
Hosted by ORANGE FRANCE (Strasbourg) [66.78 km]: 27.249 ms
Download: 31.51 Mbit/s
Upload: 3.05 Mbit/s

Fr 18. Dez 05:20:01 CET 2020
============================
Testing from Vodafone Germany (85.216.3.196)...
Hosted by green.ch AG (Lupfig) [67.79 km]: 30.866 ms
Download: 31.51 Mbit/s
Upload: 2.97 Mbit/s

Fr 18. Dez 05:00:01 CET 2020
============================
Testing from Vodafone Germany (85.216.3.196)...
Hosted by ORANGE FRANCE (Strasbourg) [66.78 km]: 26.321 ms
Download: 31.31 Mbit/s
Upload: 3.01 Mbit/s

Fr 18. Dez 04:40:01 CET 2020
============================
Testing from Vodafone Germany (85.216.3.196)...
Hosted by ORANGE FRANCE (Strasbourg) [66.78 km]: 22.992 ms
Download: 32.03 Mbit/s
Upload: 3.12 Mbit/s

Fr 18. Dez 04:20:01 CET 2020
============================
Testing from Vodafone Germany (85.216.3.196)...
Hosted by ORANGE FRANCE (Strasbourg) [66.78 km]: 28.528 ms
Download: 31.43 Mbit/s
Upload: 3.06 Mbit/s

Fr 18. Dez 04:00:01 CET 2020
============================
Testing from Vodafone Germany (85.216.3.196)...
Hosted by WWZ Telekom AG (Zug) [105.86 km]: 31.86 ms
Download: 30.93 Mbit/s
Upload: 2.78 Mbit/s

Fr 18. Dez 03:40:01 CET 2020
============================
Testing from Vodafone Germany (85.216.3.196)...
Hosted by green.ch AG (Lupfig) [65.04 km]: 31.5 ms
Download: 31.51 Mbit/s
Upload: 2.75 Mbit/s

Fr 18. Dez 03:20:01 CET 2020
============================
Testing from Vodafone Germany (85.216.3.196)...
Hosted by sasag Kabelkommunikation AG (Schaffhausen) [64.26 km]: 30.999 ms
Download: 31.65 Mbit/s
Upload: 3.00 Mbit/s

Fr 18. Dez 03:00:01 CET 2020
============================
Testing from Vodafone Germany (85.216.3.196)...
Hosted by Databaar (Baar) [99.99 km]: 30.539 ms
Download: 31.18 Mbit/s
Upload: 2.94 Mbit/s

Fr 18. Dez 02:40:01 CET 2020
============================
Testing from Vodafone Germany (85.216.3.196)...
Hosted by green.ch AG (Lupfig) [65.04 km]: 31.464 ms
Download: 29.67 Mbit/s
Upload: 2.96 Mbit/s

Fr 18. Dez 02:20:02 CET 2020
============================
Testing from Vodafone Germany (85.216.3.196)...
Hosted by sasag Kabelkommunikation AG (Schaffhausen) [64.26 km]: 34.368 ms
Download: 31.42 Mbit/s
Upload: 3.10 Mbit/s

Fr 18. Dez 02:00:01 CET 2020
============================
Testing from Vodafone Germany (85.216.3.196)...
Hosted by WWZ Telekom AG (Zug) [102.50 km]: 30.023 ms
Download: 29.16 Mbit/s
Upload: 2.98 Mbit/s

Fr 18. Dez 01:40:01 CET 2020
============================
Testing from Vodafone Germany (85.216.3.196)...
Hosted by TelemaxX Telekommunikation GmbH (Karlsruhe) [119.66 km]: 24.414 ms
Download: 31.17 Mbit/s
Upload: 3.11 Mbit/s

Fr 18. Dez 01:20:02 CET 2020
============================
Testing from Vodafone Germany (85.216.3.196)...
Hosted by ORANGE FRANCE (Strasbourg) [67.26 km]: 26.418 ms
Download: 31.44 Mbit/s
Upload: 2.84 Mbit/s

Fr 18. Dez 01:00:01 CET 2020
============================
Testing from Vodafone Germany (85.216.3.196)...
Hosted by green.ch AG (Lupfig) [65.04 km]: 35.643 ms
Download: 29.91 Mbit/s
Upload: 3.12 Mbit/s

Fr 18. Dez 00:40:01 CET 2020
============================
Testing from Vodafone Germany (85.216.3.196)...
Hosted by sasag Kabelkommunikation AG (Schaffhausen) [64.26 km]: 31.267 ms
Download: 31.20 Mbit/s
Upload: 3.04 Mbit/s

Fr 18. Dez 00:20:01 CET 2020
============================
Testing from Vodafone Germany (85.216.3.196)...
Hosted by IWB Telekom (Basel) [51.70 km]: 33.694 ms
Download: 31.65 Mbit/s
Upload: 3.01 Mbit/s

Fr 18. Dez 00:00:01 CET 2020
============================
Testing from Vodafone Germany (85.216.3.196)...
Hosted by sasag Kabelkommunikation AG (Schaffhausen) [64.26 km]: 36.888 ms
Download: 31.90 Mbit/s
Upload: 2.14 Mbit/s

Do 17. Dez 23:40:01 CET 2020
============================
Testing from Vodafone Germany (85.216.3.196)...
Hosted by sasag Kabelkommunikation AG (Schaffhausen) [64.26 km]: 34.5 ms
Download: 31.15 Mbit/s
Upload: 2.15 Mbit/s

Do 17. Dez 23:20:01 CET 2020
============================
Testing from Vodafone Germany (85.216.3.196)...
Hosted by sasag Kabelkommunikation AG (Schaffhausen) [64.26 km]: 34.859 ms
Download: 31.52 Mbit/s
Upload: 1.26 Mbit/s

Do 17. Dez 23:00:01 CET 2020
============================
Testing from Vodafone Germany (85.216.3.196)...
Hosted by sasag Kabelkommunikation AG (Schaffhausen) [64.26 km]: 42.713 ms
Download: 31.24 Mbit/s
Upload: 0.82 Mbit/s

Do 17. Dez 22:40:01 CET 2020
============================
Testing from Vodafone Germany (85.216.3.196)...
Hosted by bc-networks (Ludwigsburg) [139.19 km]: 34.315 ms
Download: 23.74 Mbit/s
Upload: 0.48 Mbit/s

Do 17. Dez 22:20:01 CET 2020
============================
Testing from Vodafone Germany (85.216.3.196)...
Hosted by green.ch AG (Lupfig) [65.04 km]: 36.575 ms
Download: 31.45 Mbit/s
Upload: 1.45 Mbit/s

Do 17. Dez 22:00:01 CET 2020
============================
Testing from Vodafone Germany (85.216.3.196)...
Hosted by TelemaxX Telekommunikation GmbH (Karlsruhe) [119.66 km]: 40.929 ms
Download: 20.77 Mbit/s
Upload: 0.56 Mbit/s

Do 17. Dez 21:40:01 CET 2020
============================
Testing from Vodafone Germany (85.216.3.196)...
Hosted by green.ch AG (Lupfig) [65.04 km]: 40.934 ms
Download: 25.35 Mbit/s
Upload: 0.31 Mbit/s

Do 17. Dez 21:20:01 CET 2020
============================
Testing from Vodafone Germany (85.216.3.196)...
Hosted by IWB Telekom (Basel) [51.70 km]: 52.162 ms
Download: 11.71 Mbit/s
Upload: 0.44 Mbit/s

Do 17. Dez 21:00:01 CET 2020
============================
Testing from Vodafone Germany (85.216.3.196)...
Hosted by Init 7 (Winterthur) [83.84 km]: 31.496 ms
Download: 23.22 Mbit/s
Upload: 0.44 Mbit/s

Do 17. Dez 20:40:01 CET 2020
============================
Testing from Vodafone Germany (85.216.3.196)...
Hosted by ORANGE FRANCE (Strasbourg) [67.26 km]: 42.068 ms
Download: 18.31 Mbit/s
Upload: 0.27 Mbit/s

Do 17. Dez 20:20:01 CET 2020
============================

Do 17. Dez 20:00:01 CET 2020
============================
Testing from Vodafone Germany (85.216.3.196)...
Hosted by IWB Telekom (Basel) [51.70 km]: 49.145 ms
Download: 28.15 Mbit/s
Upload: 0.56 Mbit/s

Do 17. Dez 19:40:01 CET 2020
============================
Testing from Vodafone Germany (85.216.3.196)...
Hosted by ORANGE FRANCE (Strasbourg) [67.26 km]: 32.121 ms
Download: 30.61 Mbit/s
Upload: 1.05 Mbit/s

Do 17. Dez 19:20:01 CET 2020
============================
Testing from Vodafone Germany (85.216.3.196)...
Hosted by sasag Kabelkommunikation AG (Schaffhausen) [64.26 km]: 41.591 ms
Download: 30.04 Mbit/s
Upload: 0.88 Mbit/s

Do 17. Dez 19:00:01 CET 2020
============================
Testing from Vodafone Germany (85.216.3.196)...
Hosted by TWL-KOM (Ludwigshafen) [170.76 km]: 43.098 ms
Download: 26.36 Mbit/s
Upload: 1.21 Mbit/s

Do 17. Dez 18:40:01 CET 2020
============================
Testing from Vodafone Germany (85.216.3.196)...
Hosted by Pfalzkom GMBH (Ludwigshafen) [170.76 km]: 28.594 ms
Download: 31.28 Mbit/s
Upload: 2.53 Mbit/s

Do 17. Dez 18:20:02 CET 2020
============================
Testing from Vodafone Germany (85.216.3.196)...
Hosted by Pfalzkom GMBH (Ludwigshafen) [170.76 km]: 36.561 ms
Download: 29.35 Mbit/s
Upload: 0.92 Mbit/s

Do 17. Dez 18:00:01 CET 2020
============================
Testing from Vodafone Germany (85.216.3.196)...
Hosted by sasag Kabelkommunikation AG (Schaffhausen) [64.26 km]: 38.817 ms
Download: 30.60 Mbit/s
Upload: 1.98 Mbit/s

Do 17. Dez 17:40:01 CET 2020
============================
Testing from Vodafone Germany (85.216.3.196)...
Hosted by IWB Telekom (Basel) [51.70 km]: 40.43 ms
Download: 29.65 Mbit/s
Upload: 0.83 Mbit/s

Do 17. Dez 17:20:01 CET 2020
============================
Testing from Vodafone Germany (85.216.3.196)...
Hosted by green.ch AG (Lupfig) [65.04 km]: 41.72 ms
Download: 29.27 Mbit/s
Upload: 0.51 Mbit/s

Do 17. Dez 17:00:01 CET 2020
============================
Testing from Vodafone Germany (85.216.3.196)...
Hosted by Databaar (Baar) [99.99 km]: 38.079 ms
Download: 31.29 Mbit/s
Upload: 0.46 Mbit/s

Do 17. Dez 16:40:02 CET 2020
============================
Testing from Vodafone Germany (85.216.3.196)...
Hosted by ORANGE FRANCE (Strasbourg) [67.26 km]: 34.508 ms
Download: 29.37 Mbit/s
Upload: 0.65 Mbit/s

Do 17. Dez 16:20:01 CET 2020
============================
Testing from Vodafone Germany (85.216.3.196)...
Hosted by Databaar (Baar) [99.99 km]: 36.966 ms
Download: 30.74 Mbit/s
Upload: 1.18 Mbit/s

Do 17. Dez 16:00:01 CET 2020
============================
Testing from Vodafone Germany (85.216.3.196)...
Hosted by Wingo (Herden) [86.96 km]: 40.819 ms
Download: 28.85 Mbit/s
Upload: 0.74 Mbit/s

Do 17. Dez 15:40:01 CET 2020
============================
Testing from Vodafone Germany (85.216.3.196)...
Hosted by Pfalzkom GMBH (Ludwigshafen) [170.76 km]: 40.424 ms
Download: 12.88 Mbit/s
Upload: 0.32 Mbit/s

Do 17. Dez 15:20:01 CET 2020
============================
Testing from Vodafone Germany (85.216.3.196)...
Hosted by Mobile Breitbandnetze GmbH (Freisbach) [145.47 km]: 34.972 ms
Download: 26.55 Mbit/s
Upload: 0.60 Mbit/s

Do 17. Dez 15:00:01 CET 2020
============================
Testing from Vodafone Germany (85.216.3.196)...
Hosted by green.ch AG (Lupfig) [65.04 km]: 39.024 ms
Download: 21.45 Mbit/s
Upload: 0.30 Mbit/s

Do 17. Dez 14:40:01 CET 2020
============================
Testing from Vodafone Germany (85.216.3.196)...
Hosted by IWB Telekom (Basel) [51.70 km]: 52.499 ms
Download: 9.82 Mbit/s
Upload: 0.37 Mbit/s

Do 17. Dez 14:20:01 CET 2020
============================
Testing from Vodafone Germany (85.216.3.196)...
Hosted by green.ch AG (Lupfig) [65.04 km]: 58.889 ms
Download: 8.42 Mbit/s
Upload: 0.25 Mbit/s

Do 17. Dez 14:00:01 CET 2020
============================
Testing from Vodafone Germany (85.216.3.196)...
Hosted by Databaar (Baar) [99.99 km]: 41.887 ms
Download: 29.95 Mbit/s
Upload: 0.69 Mbit/s

Do 17. Dez 13:40:01 CET 2020
============================
Testing from Vodafone Germany (85.216.3.196)...
Hosted by Vialis (Colmar) [41.15 km]: 67.249 ms
Download: 29.58 Mbit/s
Upload: 0.45 Mbit/s

Do 17. Dez 13:20:01 CET 2020
============================
Testing from Vodafone Germany (85.216.3.196)...
Hosted by EW Höfe AG (Freienbach) [108.26 km]: 41.884 ms
Download: 25.39 Mbit/s
Upload: 0.35 Mbit/s

Do 17. Dez 13:00:01 CET 2020
============================
Testing from Vodafone Germany (85.216.3.196)...
Hosted by green.ch AG (Lupfig) [65.04 km]: 39.802 ms
Download: 31.26 Mbit/s
Upload: 1.22 Mbit/s

Do 17. Dez 12:40:01 CET 2020
============================
Testing from Vodafone Germany (85.216.3.196)...
Hosted by Vialis (Colmar) [41.15 km]: 59.61 ms
Download: 24.47 Mbit/s
Upload: 0.87 Mbit/s

Do 17. Dez 12:20:01 CET 2020
============================
Testing from Vodafone Germany (85.216.3.196)...
Hosted by sasag Kabelkommunikation AG (Schaffhausen) [64.26 km]: 54.901 ms
Download: 9.69 Mbit/s
.Upload: 0.71 Mbit/s

Do 17. Dez 12:00:01 CET 2020
============================
Testing from Vodafone Germany (85.216.3.196)...
Hosted by sasag Kabelkommunikation AG (Schaffhausen) [64.26 km]: 44.906 ms
Download: 20.99 Mbit/s
Upload: 0.88 Mbit/s

Do 17. Dez 11:40:01 CET 2020
============================
Testing from Vodafone Germany (85.216.3.196)...
Hosted by sasag Kabelkommunikation AG (Schaffhausen) [64.26 km]: 43.861 ms
Download: 31.48 Mbit/s
Upload: 0.40 Mbit/s

Do 17. Dez 11:20:01 CET 2020
============================
Testing from Vodafone Germany (85.216.3.196)...
Hosted by IWB Telekom (Basel) [51.70 km]: 44.382 ms
Download: 24.65 Mbit/s
Upload: 0.41 Mbit/s

Do 17. Dez 11:00:01 CET 2020
============================
Testing from Vodafone Germany (85.216.3.196)...
Hosted by sasag Kabelkommunikation AG (Schaffhausen) [64.26 km]: 49.487 ms
Download: 31.29 Mbit/s
Upload: 0.38 Mbit/s

Do 17. Dez 10:40:01 CET 2020
============================
Testing from Vodafone Germany (85.216.3.196)...
Hosted by sasag Kabelkommunikation AG (Schaffhausen) [64.26 km]: 40.658 ms
Download: 29.03 Mbit/s
Upload: 0.26 Mbit/s

Do 17. Dez 10:20:01 CET 2020
============================
Testing from Vodafone Germany (85.216.3.196)...
Hosted by green.ch AG (Lupfig) [65.04 km]: 64.417 ms
Download: 19.34 Mbit/s
Upload: 0.20 Mbit/s

Do 17. Dez 10:00:01 CET 2020
============================
Testing from Vodafone Germany (85.216.3.196)...
Hosted by sasag Kabelkommunikation AG (Schaffhausen) [64.26 km]: 44.202 ms
Download: 29.95 Mbit/s
.Upload: 0.52 Mbit/s

Do 17. Dez 09:40:01 CET 2020
============================
Testing from Vodafone Germany (85.216.3.196)...
Hosted by green.ch AG (Lupfig) [65.04 km]: 38.548 ms
Download: 31.09 Mbit/s
Upload: 1.53 Mbit/s

Do 17. Dez 09:20:01 CET 2020
============================
Testing from Vodafone Germany (85.216.3.196)...
Hosted by IWB Telekom (Basel) [51.70 km]: 39.191 ms
Download: 31.47 Mbit/s
.Upload: 1.46 Mbit/s

Do 17. Dez 09:00:01 CET 2020
============================
Testing from Vodafone Germany (85.216.3.196)...
Hosted by sasag Kabelkommunikation AG (Schaffhausen) [64.26 km]: 35.703 ms
Download: 31.08 Mbit/s
Upload: 1.84 Mbit/s

Do 17. Dez 02:00:01 CET 2020
============================
Testing from Vodafone Germany (85.216.3.196)...
Hosted by Mobile Breitbandnetze GmbH (Freisbach) [145.47 km]: 22.739 ms
Download: 20.27 Mbit/s
.Upload: 3.00 Mbit/s

Do 17. Dez 01:40:01 CET 2020
============================
Testing from Vodafone Germany (85.216.3.196)...
Hosted by sasag Kabelkommunikation AG (Schaffhausen) [64.26 km]: 37.953 ms
Download: 23.03 Mbit/s
Upload: 2.73 Mbit/s

Do 17. Dez 01:20:01 CET 2020
============================
Testing from Vodafone Germany (85.216.3.196)...
Hosted by sasag Kabelkommunikation AG (Schaffhausen) [64.26 km]: 34.653 ms
Download: 25.23 Mbit/s
Upload: 2.85 Mbit/s

Do 17. Dez 01:00:01 CET 2020
============================
Testing from Vodafone Germany (85.216.3.196)...
Hosted by WWZ Telekom AG (Zug) [102.50 km]: 32.727 ms
Download: 28.38 Mbit/s
Upload: 2.96 Mbit/s

Do 17. Dez 00:40:01 CET 2020
============================
Testing from Vodafone Germany (85.216.3.196)...
Hosted by green.ch AG (Lupfig) [65.04 km]: 29.469 ms
Download: 31.96 Mbit/s
Upload: 2.97 Mbit/s

Do 17. Dez 00:20:01 CET 2020
============================
Testing from Vodafone Germany (85.216.3.196)...
Hosted by green.ch AG (Lupfig) [65.04 km]: 31.188 ms
Download: 30.05 Mbit/s
Upload: 3.07 Mbit/s

Do 17. Dez 00:00:01 CET 2020
============================
Testing from Vodafone Germany (85.216.3.196)...
Hosted by IWB Telekom (Basel) [51.70 km]: 33.9 ms
Download: 31.24 Mbit/s
Upload: 3.09 Mbit/s

Mi 16. Dez 23:40:01 CET 2020
============================
Testing from Vodafone Germany (85.216.3.196)...
Hosted by sasag Kabelkommunikation AG (Schaffhausen) [64.26 km]: 36.325 ms
Download: 31.77 Mbit/s
Upload: 2.75 Mbit/s

Mi 16. Dez 23:20:01 CET 2020
============================
Testing from Vodafone Germany (85.216.3.196)...
Hosted by EW Höfe AG (Freienbach) [108.26 km]: 38.639 ms
Download: 25.23 Mbit/s
Upload: 2.29 Mbit/s

Mi 16. Dez 23:00:01 CET 2020
============================
Testing from Vodafone Germany (85.216.3.196)...
Hosted by TelemaxX Telekommunikation GmbH (Karlsruhe) [119.66 km]: 39.512 ms
Download: 30.36 Mbit/s
Upload: 2.34 Mbit/s

Mi 16. Dez 22:40:01 CET 2020
============================
Testing from Vodafone Germany (85.216.3.196)...
Hosted by Vialis (Strasbourg) [66.01 km]: 93.844 ms
Download: 17.68 Mbit/s
Upload: 0.94 Mbit/s

Mi 16. Dez 22:20:01 CET 2020
============================
Testing from Vodafone Germany (85.216.3.196)...
Hosted by green.ch AG (Lupfig) [65.04 km]: 46.908 ms
Download: 9.29 Mbit/s
Upload: 0.18 Mbit/s

Mi 16. Dez 22:00:01 CET 2020
============================
Testing from Vodafone Germany (85.216.3.196)...
Hosted by sasag Kabelkommunikation AG (Schaffhausen) [64.26 km]: 47.398 ms
Download: 11.44 Mbit/s
Upload: 0.28 Mbit/s

Mi 16. Dez 21:40:01 CET 2020
============================
Testing from Vodafone Germany (85.216.3.196)...
Hosted by FSIT AG (Dietikon) [75.48 km]: 43.693 ms
Download: 15.58 Mbit/s
Upload: 0.60 Mbit/s

Mi 16. Dez 21:20:01 CET 2020
============================
Testing from Vodafone Germany (85.216.3.196)...
Hosted by green.ch AG (Lupfig) [65.04 km]: 38.483 ms
Download: 22.25 Mbit/s
Upload: 0.56 Mbit/s

Mi 16. Dez 21:00:01 CET 2020
============================
Testing from Vodafone Germany (85.216.3.196)...
Hosted by Databaar (Baar) [99.99 km]: 45.542 ms
Download: 19.53 Mbit/s
Upload: 0.18 Mbit/s

Mi 16. Dez 20:40:01 CET 2020
============================
Testing from Vodafone Germany (85.216.3.196)...
Hosted by Databaar (Baar) [99.99 km]: 51.46 ms
Download: 7.55 Mbit/s
Upload: 0.21 Mbit/s

Mi 16. Dez 20:20:01 CET 2020
============================
Testing from Vodafone Germany (85.216.3.196)...
Hosted by green.ch AG (Lupfig) [65.04 km]: 56.415 ms
Download: 27.46 Mbit/s
Upload: 0.16 Mbit/s

Mi 16. Dez 20:00:02 CET 2020
============================
Testing from Vodafone Germany (85.216.3.196)...
Hosted by WWZ Telekom AG (Zug) [102.50 km]: 163.406 ms
Download: 7.32 Mbit/s
Upload: 0.15 Mbit/s

Mi 16. Dez 19:40:01 CET 2020
============================
Testing from Vodafone Germany (85.216.3.196)...
Hosted by green.ch AG (Lupfig) [65.04 km]: 80.335 ms
Download: 22.06 Mbit/s
Upload: 0.30 Mbit/s

Mi 16. Dez 19:20:01 CET 2020
============================
Testing from Vodafone Germany (85.216.3.196)...
Hosted by Databaar (Baar) [99.99 km]: 170.866 ms
Download: 12.24 Mbit/s
Upload: 0.32 Mbit/s

Mi 16. Dez 19:00:01 CET 2020
============================
Testing from Vodafone Germany (85.216.3.196)...
Hosted by ORANGE FRANCE (Strasbourg) [67.26 km]: 52.463 ms
Download: 23.38 Mbit/s
Upload: 0.74 Mbit/s

Mi 16. Dez 18:40:01 CET 2020
============================
Testing from Vodafone Germany (85.216.3.196)...
Hosted by TelemaxX Telekommunikation GmbH (Karlsruhe) [119.66 km]: 37.021 ms
Download: 27.10 Mbit/s
Upload: 1.09 Mbit/s

Mi 16. Dez 18:20:01 CET 2020
============================
Testing from Vodafone Germany (85.216.3.196)...
Hosted by STARFACE GmbH (Karlsruhe) [119.40 km]: 164.266 ms
Download: 23.52 Mbit/s
Upload: 1.48 Mbit/s

Mi 16. Dez 18:00:01 CET 2020
============================
Testing from Vodafone Germany (85.216.3.196)...
Hosted by green.ch AG (Lupfig) [65.04 km]: 122.596 ms
Download: 19.15 Mbit/s
Upload: 0.92 Mbit/s

Mi 16. Dez 17:40:01 CET 2020
============================
Testing from Vodafone Germany (85.216.3.196)...
Hosted by green.ch AG (Lupfig) [65.04 km]: 87.773 ms
Download: 21.71 Mbit/s
Upload: 1.07 Mbit/s

Mi 16. Dez 17:20:01 CET 2020
============================
Testing from Vodafone Germany (85.216.3.196)...
Hosted by green.ch AG (Lupfig) [65.04 km]: 76.233 ms
Download: 23.65 Mbit/s
Upload: 0.71 Mbit/s

Mi 16. Dez 17:00:01 CET 2020
============================
Testing from Vodafone Germany (85.216.3.196)...
Hosted by IWB Telekom (Basel) [51.70 km]: 119.119 ms
Download: 9.28 Mbit/s
Upload: 0.37 Mbit/s

Mi 16. Dez 16:40:01 CET 2020
============================
Testing from Vodafone Germany (85.216.3.196)...
Hosted by green.ch AG (Lupfig) [65.04 km]: 68.186 ms
Download: 24.56 Mbit/s
Upload: 0.54 Mbit/s

Mi 16. Dez 16:20:01 CET 2020
============================
Testing from Vodafone Germany (85.216.3.196)...
Hosted by green.ch AG (Lupfig) [65.04 km]: 45.744 ms
Download: 30.09 Mbit/s
Upload: 1.19 Mbit/s

Mi 16. Dez 16:00:01 CET 2020
============================

Mi 16. Dez 15:40:01 CET 2020
============================
Testing from Vodafone Germany (85.216.3.196)...
Hosted by Vialis (Colmar) [41.15 km]: 107.089 ms
Download: 17.12 Mbit/s
Upload: 0.52 Mbit/s

Mi 16. Dez 15:20:01 CET 2020
============================
Testing from Vodafone Germany (85.216.3.196)...
Hosted by EW Höfe AG (Freienbach) [108.26 km]: 84.776 ms
Download: 18.83 Mbit/s
Upload: 0.50 Mbit/s

Mi 16. Dez 15:00:01 CET 2020
============================
Testing from Vodafone Germany (85.216.3.196)...
Hosted by sasag Kabelkommunikation AG (Schaffhausen) [64.26 km]: 39.306 ms
Download: 29.32 Mbit/s
.Upload: 0.43 Mbit/s

Mi 16. Dez 14:40:01 CET 2020
============================
Testing from Vodafone Germany (85.216.3.196)...
Hosted by sasag Kabelkommunikation AG (Schaffhausen) [64.26 km]: 54.69 ms
Download: 28.97 Mbit/s
Upload: 0.56 Mbit/s

Mi 16. Dez 14:20:01 CET 2020
============================
Testing from Vodafone Germany (85.216.3.196)...
Hosted by sasag Kabelkommunikation AG (Schaffhausen) [64.26 km]: 61.639 ms
Download: 27.55 Mbit/s
Upload: 0.43 Mbit/s

Mi 16. Dez 14:00:01 CET 2020
============================
Testing from Vodafone Germany (85.216.3.196)...
Hosted by green.ch AG (Lupfig) [65.04 km]: 36.376 ms
.Download: 30.79 Mbit/s
Upload: 1.02 Mbit/s

Mi 16. Dez 13:40:01 CET 2020
============================
Testing from Vodafone Germany (85.216.3.196)...
Hosted by green.ch AG (Lupfig) [65.04 km]: 79.215 ms
Download: 21.89 Mbit/s
Upload: 0.38 Mbit/s

Mi 16. Dez 13:20:01 CET 2020
============================
Testing from Vodafone Germany (85.216.3.196)...
Hosted by green.ch AG (Lupfig) [65.04 km]: 122.097 ms
Download: 18.29 Mbit/s
Upload: 0.43 Mbit/s

Mi 16. Dez 13:00:48 CET 2020
============================
Testing from Vodafone Germany (85.216.3.196)...
Hosted by IWB Telekom (Basel) [51.70 km]: 96.068 ms
Download: 15.93 Mbit/s
Upload: 0.42 Mbit/s

Mi 16. Dez 12:40:01 CET 2020
============================
Testing from Vodafone Germany (85.216.3.196)...
Hosted by IWB Telekom (Basel) [51.70 km]: 39.127 ms
Download: 29.62 Mbit/s
Upload: 0.55 Mbit/s

Mi 16. Dez 12:20:01 CET 2020
============================
Testing from Vodafone Germany (85.216.3.196)...
Hosted by green.ch AG (Lupfig) [65.04 km]: 33.157 ms
Download: 20.08 Mbit/s
Upload: 0.72 Mbit/s

Mi 16. Dez 12:00:01 CET 2020
============================
Testing from Vodafone Germany (85.216.3.196)...
Hosted by Monzoon Networks AG (Zurich) [83.40 km]: 35.659 ms
Download: 28.67 Mbit/s
Upload: 0.39 Mbit/s

Mi 16. Dez 11:40:01 CET 2020
============================
Testing from Vodafone Germany (85.216.3.196)...
Hosted by FSIT AG (Dietikon) [75.48 km]: 40.122 ms
Download: 28.93 Mbit/s
Upload: 0.35 Mbit/s

Mi 16. Dez 11:20:01 CET 2020
============================
Testing from Vodafone Germany (85.216.3.196)...
Hosted by green.ch AG (Lupfig) [65.04 km]: 45.642 ms
Download: 2.32 Mbit/s
Upload: 0.00 Mbit/s

Mi 16. Dez 11:00:02 CET 2020
============================
Testing from Vodafone Germany (85.216.3.196)...
Hosted by green.ch AG (Lupfig) [65.04 km]: 43.791 ms
Download: 22.82 Mbit/s
Upload: 0.00 Mbit/s

Mi 16. Dez 10:40:01 CET 2020
============================
Testing from Vodafone Germany (85.216.3.196)...
Hosted by green.ch AG (Lupfig) [65.04 km]: 46.125 ms
Download: 31.45 Mbit/s
Upload: 0.18 Mbit/s

Mi 16. Dez 10:20:01 CET 2020
============================
Testing from Vodafone Germany (85.216.3.196)...
Hosted by IWB Telekom (Basel) [51.70 km]: 53.492 ms
Download: 5.38 Mbit/s
Upload: 0.00 Mbit/s

Mi 16. Dez 10:00:01 CET 2020
==========================
Testing from Vodafone Germany (85.216.3.196)...
Hosted by Vialis (Strasbourg) [66.01 km]: 82.248 ms
Download: 20.60 Mbit/s
Upload: 0.04 Mbit/s

Mi 16. Dez 09:40:01 CET 2020
==========================
Testing from Vodafone Germany (85.216.3.196)...
Hosted by green.ch AG (Lupfig) [65.04 km]: 38.444 ms
Download: 31.99 Mbit/s
Upload: 0.56 Mbit/s

Mi 16. Dez 09:20:01 CET 2020
==========================
Testing from Vodafone Germany (85.216.3.196)...
Hosted by green.ch AG (Lupfig) [65.04 km]: 42.501 ms
Download: 11.95 Mbit/s
Upload: 0.51 Mbit/s

Mi 16. Dez 09:00:01 CET 2020
==========================
Testing from Vodafone Germany (85.216.3.196)...
Hosted by green.ch AG (Lupfig) [65.04 km]: 36.528 ms
Download: 31.60 Mbit/s
Upload: 2.48 Mbit/s

Mi 16. Dez 08:40:01 CET 2020
==========================
Testing from Vodafone Germany (85.216.3.196)...
Hosted by IWB Telekom (Basel) [51.70 km]: 35.523 ms
Download: 31.92 Mbit/s
Upload: 2.81 Mbit/s

Mi 16. Dez 08:20:01 CET 2020
==========================
Testing from Vodafone Germany (85.216.3.196)...
Hosted by green.ch AG (Lupfig) [65.04 km]: 31.717 ms
Download: 11.84 Mbit/s
Upload: 1.06 Mbit/s

Mi 16. Dez 08:00:01 CET 2020
==========================
Testing from Vodafone Germany (85.216.3.196)...
Hosted by green.ch AG (Lupfig) [65.04 km]: 32.785 ms
Download: 32.07 Mbit/s
Upload: 2.85 Mbit/s

Mi 16. Dez 07:40:01 CET 2020
==========================
Testing from Vodafone Germany (85.216.3.196)...
Hosted by green.ch AG (Lupfig) [65.04 km]: 33.603 ms
Download: 32.05 Mbit/s
Upload: 2.80 Mbit/s

Mi 16. Dez 07:20:01 CET 2020
==========================
Testing from Vodafone Germany (85.216.3.196)...
Hosted by green.ch AG (Lupfig) [65.04 km]: 31.329 ms
Download: 21.52 Mbit/s
Upload: 1.58 Mbit/s

Mi 16. Dez 07:00:01 CET 2020
==========================
Testing from Vodafone Germany (85.216.3.196)...
Hosted by IWB Telekom (Basel) [51.70 km]: 32.757 ms
Download: 31.99 Mbit/s
Upload: 2.81 Mbit/s

Mi 16. Dez 06:40:01 CET 2020
==========================
Testing from Vodafone Germany (85.216.3.196)...
Hosted by ORANGE FRANCE (Strasbourg) [67.26 km]: 27.189 ms
Download: 32.38 Mbit/s
Upload: 2.83 Mbit/s

Mi 16. Dez 06:20:01 CET 2020
==========================
Testing from Vodafone Germany (85.216.3.196)...
Hosted by green.ch AG (Lupfig) [65.04 km]: 32.535 ms
Download: 10.70 Mbit/s
Upload: 1.57 Mbit/s

Mi 16. Dez 06:00:01 CET 2020
==========================
Testing from Vodafone Germany (85.216.3.196)...
Hosted by green.ch AG (Lupfig) [65.04 km]: 32.446 ms
Download: 32.04 Mbit/s
Upload: 2.85 Mbit/s

Mi 16. Dez 05:40:02 CET 2020
==========================
Testing from Vodafone Germany (85.216.3.196)...
Hosted by green.ch AG (Lupfig) [65.04 km]: 31.093 ms
Download: 31.93 Mbit/s
Upload: 2.87 Mbit/s

Mi 16. Dez 05:20:01 CET 2020
==========================
Testing from Vodafone Germany (85.216.3.196)...
Hosted by FSIT AG (Dietikon) [75.48 km]: 24.935 ms
Download: 15.67 Mbit/s
Upload: 2.03 Mbit/s

Mi 16. Dez 05:00:01 CET 2020
==========================
Testing from Vodafone Germany (85.216.3.196)...
Hosted by Monzoon Networks AG (Zurich) [83.40 km]: 25.746 ms
Download: 31.86 Mbit/s
Upload: 2.84 Mbit/s

Mi 16. Dez 04:40:01 CET 2020
==========================
Testing from Vodafone Germany (85.216.3.196)...
Hosted by green.ch AG (Lupfig) [65.04 km]: 28.267 ms
Download: 32.07 Mbit/s
Upload: 2.77 Mbit/s

Mi 16. Dez 04:20:01 CET 2020
==========================
Testing from Vodafone Germany (85.216.3.196)...
Hosted by Data Center Light (Linthal) [144.72 km]: 26.317 ms
Download: 16.15 Mbit/s
Upload: 1.21 Mbit/s

Mi 16. Dez 04:00:01 CET 2020
==========================
Testing from Vodafone Germany (85.216.3.196)...
Hosted by Data Center Light (Linthal) [144.72 km]: 26.658 ms
Download: 32.09 Mbit/s
Upload: 2.83 Mbit/s

Mi 16. Dez 03:40:01 CET 2020
==========================
Testing from Vodafone Germany (85.216.3.196)...
Hosted by NETPLUS.CH (Martigny) [218.31 km]: 36.767 ms
Download: 32.12 Mbit/s
Upload: 2.83 Mbit/s

Mi 16. Dez 03:20:01 CET 2020
==========================
Testing from Vodafone Germany (85.216.3.196)...
Hosted by sasag Kabelkommunikation AG (Schaffhausen) [64.26 km]: 31.924 ms
Download: 20.28 Mbit/s
Upload: 1.45 Mbit/s

Mi 16. Dez 03:00:01 CET 2020
==========================
Testing from Vodafone Germany (85.216.3.196)...
Hosted by green.ch AG (Lupfig) [65.04 km]: 33.092 ms
Download: 32.07 Mbit/s
Upload: 2.85 Mbit/s

Mi 16. Dez 02:40:01 CET 2020
==========================
Testing from Vodafone Germany (85.216.3.196)...
Hosted by sasag Kabelkommunikation AG (Schaffhausen) [64.26 km]: 30.764 ms
Download: 32.07 Mbit/s
Upload: 2.82 Mbit/s

Mi 16. Dez 02:20:01 CET 2020
==========================
Testing from Vodafone Germany (85.216.3.196)...
Hosted by green.ch AG (Lupfig) [65.04 km]: 30.559 ms
Download: 13.69 Mbit/s
Upload: 1.46 Mbit/s

Mi 16. Dez 02:00:01 CET 2020
==========================
Testing from Vodafone Germany (85.216.3.196)...
Hosted by sasag Kabelkommunikation AG (Schaffhausen) [64.26 km]: 31.631 ms
Download: 32.09 Mbit/s
Upload: 2.83 Mbit/s

Mi 16. Dez 01:40:01 CET 2020
==========================
Testing from Vodafone Germany (85.216.3.196)...
Hosted by green.ch AG (Lupfig) [65.04 km]: 30.62 ms
Download: 32.01 Mbit/s
Upload: 2.84 Mbit/s

Mi 16. Dez 01:20:01 CET 2020
==========================
Testing from Vodafone Germany (85.216.3.196)...
Hosted by green.ch AG (Lupfig) [65.04 km]: 31.862 ms
Download: 16.12 Mbit/s
Upload: 1.31 Mbit/s

Mi 16. Dez 01:00:01 CET 2020
==========================
Testing from Vodafone Germany (85.216.3.196)...
Hosted by green.ch AG (Lupfig) [65.04 km]: 34.797 ms
Download: 32.07 Mbit/s
Upload: 2.86 Mbit/s

Mi 16. Dez 00:40:01 CET 2020
==========================
Testing from Vodafone Germany (85.216.3.196)...
Hosted by sasag Kabelkommunikation AG (Schaffhausen) [64.26 km]: 31.949 ms
Download: 32.06 Mbit/s
Upload: 2.81 Mbit/s

Mi 16. Dez 00:20:01 CET 2020
==========================
Testing from Vodafone Germany (85.216.3.196)...
Hosted by green.ch AG (Lupfig) [65.04 km]: 33.275 ms
Download: 18.51 Mbit/s
Upload: 2.20 Mbit/s

Mi 16. Dez 00:00:01 CET 2020
==========================
Testing from Vodafone Germany (85.216.3.196)...
Hosted by FSIT AG (Dietikon) [75.48 km]: 31.43 ms
Download: 32.03 Mbit/s
Upload: 2.48 Mbit/s

Di 15. Dez 23:40:01 CET 2020
==========================
Testing from Vodafone Germany (85.216.3.196)...
Hosted by IWB Telekom (Basel) [51.70 km]: 31.914 ms
Download: 31.70 Mbit/s
Upload: 2.51 Mbit/s

Di 15. Dez 23:20:01 CET 2020
==========================
Testing from Vodafone Germany (85.216.3.196)...
Hosted by sasag Kabelkommunikation AG (Schaffhausen) [64.26 km]: 36.385 ms
Download: 16.16 Mbit/s
Upload: 0.32 Mbit/s

Di 15. Dez 23:00:01 CET 2020
==========================
Testing from Vodafone Germany (85.216.3.196)...
Hosted by sasag Kabelkommunikation AG (Schaffhausen) [64.26 km]: 39.269 ms
Download: 30.95 Mbit/s
Upload: 1.48 Mbit/s

Di 15. Dez 22:40:01 CET 2020
==========================
Testing from Vodafone Germany (85.216.3.196)...
Hosted by green.ch AG (Lupfig) [65.04 km]: 38.697 ms
Download: 26.03 Mbit/s
Upload: 0.91 Mbit/s

Di 15. Dez 22:20:01 CET 2020
==========================
Testing from Vodafone Germany (85.216.3.196)...
Hosted by IWB Telekom (Basel) [51.70 km]: 41.137 ms
Download: 12.68 Mbit/s
Upload: 0.42 Mbit/s

Di 15. Dez 22:00:01 CET 2020
==========================
Testing from Vodafone Germany (85.216.3.196)...
Hosted by REFO Falck (Falck) [165.81 km]: 56.062 ms
Download: 17.60 Mbit/s
Upload: 0.27 Mbit/s

Di 15. Dez 21:40:01 CET 2020
==========================
Testing from Vodafone Germany (85.216.3.196)...
Hosted by green.ch AG (Lupfig) [65.04 km]: 117.715 ms
Download: 9.93 Mbit/s
Upload: 0.14 Mbit/s

Di 15. Dez 21:20:01 CET 2020
==========================
Testing from Vodafone Germany (85.216.3.196)...
Hosted by intersaar GmbH (Saarbrucken) [156.08 km]: 124.405 ms
Download: 4.35 Mbit/s
Upload: 0.11 Mbit/s

Di 15. Dez 21:00:01 CET 2020
==========================
Testing from Vodafone Germany (85.216.3.196)...
Hosted by IWB Telekom (Basel) [51.70 km]: 123.041 ms
Download: 21.10 Mbit/s
Upload: 0.49 Mbit/s

Di 15. Dez 20:40:01 CET 2020
==========================
Testing from Vodafone Germany (85.216.3.196)...
Hosted by sasag Kabelkommunikation AG (Schaffhausen) [64.26 km]: 64.382 ms
Download: 3.28 Mbit/s

Di 15. Dez 20:20:01 CET 2020
==========================
Testing from Vodafone Germany (85.216.3.196)...
Hosted by green.ch AG (Lupfig) [65.04 km]: 55.958 ms
Download: 5.67 Mbit/s
Upload: 0.00 Mbit/s

Di 15. Dez 20:00:01 CET 2020
==========================
Testing from Vodafone Germany (85.216.3.196)...
Hosted by green.ch AG (Lupfig) [65.04 km]: 98.069 ms
Download: 20.74 Mbit/s
Upload: 0.11 Mbit/s

Di 15. Dez 19:40:01 CET 2020
==========================
Testing from Vodafone Germany (85.216.3.196)...
Hosted by green.ch AG (Lupfig) [65.04 km]: 104.088 ms
Download: 26.76 Mbit/s
Upload: 0.32 Mbit/s

Di 15. Dez 19:20:01 CET 2020
==========================
Testing from Vodafone Germany (85.216.3.196)...
Hosted by green.ch AG (Lupfig) [65.04 km]: 79.722 ms
Download: 4.42 Mbit/s
Upload: 0.00 Mbit/s

Di 15. Dez 19:00:01 CET 2020
==========================
Testing from Vodafone Germany (85.216.3.196)...
Hosted by sasag Kabelkommunikation AG (Schaffhausen) [64.26 km]: 82.116 ms
Download: 25.35 Mbit/s
Upload: 0.56 Mbit/s

Di 15. Dez 18:40:01 CET 2020
==========================
Testing from Vodafone Germany (85.216.3.196)...
Hosted by sasag Kabelkommunikation AG (Schaffhausen) [64.26 km]: 122.786 ms
Download: 27.03 Mbit/s
Upload: 0.45 Mbit/s

Di 15. Dez 18:20:01 CET 2020
==========================
Testing from Vodafone Germany (85.216.3.196)...
Hosted by green.ch AG (Lupfig) [65.04 km]: 117.487 ms
Download: 12.50 Mbit/s
Upload: 0.15 Mbit/s

Di 15. Dez 18:00:01 CET 2020
==========================
Testing from Vodafone Germany (85.216.3.196)...
Hosted by green.ch AG (Lupfig) [65.04 km]: 83.423 ms
Download: 29.08 Mbit/s
Upload: 0.59 Mbit/s

Di 15. Dez 17:40:01 CET 2020
==========================
Testing from Vodafone Germany (85.216.3.196)...
Hosted by sasag Kabelkommunikation AG (Schaffhausen) [64.26 km]: 53.583 ms
Download: 25.87 Mbit/s
Upload: 0.87 Mbit/s

Di 15. Dez 17:20:01 CET 2020
==========================
Testing from Vodafone Germany (85.216.3.196)...
Hosted by Vialis (Colmar) [41.15 km]: 57.287 ms
Download: 13.03 Mbit/s
Upload: 0.05 Mbit/s

Di 15. Dez 17:00:01 CET 2020
==========================
Testing from Vodafone Germany (85.216.3.196)...
Hosted by Wingo (Herden) [86.96 km]: 60.124 ms
Download: 27.04 Mbit/s
Upload: 0.52 Mbit/s

Di 15. Dez 16:40:01 CET 2020
==========================
Testing from Vodafone Germany (85.216.3.196)...
Hosted by sasag Kabelkommunikation AG (Schaffhausen) [64.26 km]: 39.304 ms
Download: 24.13 Mbit/s
Upload: 0.84 Mbit/s

Di 15. Dez 16:20:02 CET 2020
==========================
Testing from Vodafone Germany (85.216.3.196)...
Hosted by IWB Telekom (Basel) [51.70 km]: 54.495 ms
Download: 15.44 Mbit/s
Upload: 0.50 Mbit/s

Di 15. Dez 16:00:01 CET 2020
==========================
Testing from Vodafone Germany (85.216.3.196)...
Hosted by FSIT AG (Dietikon) [75.48 km]: 61.71 ms
Download: 11.95 Mbit/s
Upload: 0.45 Mbit/s

Di 15. Dez 15:40:01 CET 2020
==========================
Testing from Vodafone Germany (85.216.3.196)...
Hosted by green.ch AG (Lupfig) [65.04 km]: 69.459 ms
Download: 14.42 Mbit/s
Upload: 0.37 Mbit/s

Di 15. Dez 15:20:01 CET 2020
==========================
Testing from Vodafone Germany (85.216.3.196)...
Hosted by green.ch AG (Lupfig) [65.04 km]: 118.559 ms
Download: 15.02 Mbit/s
Upload: 0.11 Mbit/s

Di 15. Dez 15:00:02 CET 2020
==========================
Testing from Vodafone Germany (85.216.3.196)...
Hosted by Databaar (Baar) [99.99 km]: 40.038 ms
Download: 30.97 Mbit/s
Upload: 0.64 Mbit/s

Di 15. Dez 14:40:01 CET 2020
==========================
Testing from Vodafone Germany (85.216.3.196)...
Hosted by WWZ Telekom AG (Zug) [102.50 km]: 39.065 ms
Download: 30.67 Mbit/s
Upload: 0.57 Mbit/s

Di 15. Dez 14:20:02 CET 2020
==========================
Testing from Vodafone Germany (85.216.3.196)...
Hosted by WWZ Telekom AG (Zug) [102.50 km]: 39.179 ms
Download: 7.83 Mbit/s
Upload: 0.47 Mbit/s

Di 15. Dez 14:00:01 CET 2020
==========================
Testing from Vodafone Germany (85.216.3.196)...
Hosted by green.ch AG (Lupfig) [65.04 km]: 33.768 ms
Download: 32.05 Mbit/s
Upload: 1.23 Mbit/s

Di 15. Dez 13:40:01 CET 2020
==========================
Testing from Vodafone Germany (85.216.3.196)...
Hosted by green.ch AG (Lupfig) [65.04 km]: 37.86 ms
Download: 32.05 Mbit/s
Upload: 0.96 Mbit/s

Di 15. Dez 13:20:01 CET 2020
==========================
Testing from Vodafone Germany (85.216.3.196)...
Hosted by sasag Kabelkommunikation AG (Schaffhausen) [64.26 km]: 41.268 ms
Download: 18.21 Mbit/s
Upload: 0.47 Mbit/s

Di 15. Dez 13:00:01 CET 2020
==========================
Testing from Vodafone Germany (85.216.3.196)...
Hosted by green.ch AG (Lupfig) [65.04 km]: 36.919 ms
Download: 31.98 Mbit/s
Upload: 0.87 Mbit/s

Di 15. Dez 12:40:01 CET 2020
==========================
Testing from Vodafone Germany (85.216.3.196)...
Hosted by green.ch AG (Lupfig) [65.04 km]: 36.786 ms
Download: 31.69 Mbit/s
Upload: 0.89 Mbit/s

Di 15. Dez 12:20:02 CET 2020
==========================
Testing from Vodafone Germany (85.216.3.196)...
Hosted by green.ch AG (Lupfig) [65.04 km]: 44.623 ms
Download: 9.78 Mbit/s
Upload: 0.15 Mbit/s

Di 15. Dez 12:00:01 CET 2020
==========================
Testing from Vodafone Germany (85.216.3.196)...
Hosted by green.ch AG (Lupfig) [65.04 km]: 45.879 ms
Download: 30.85 Mbit/s
Upload: 0.10 Mbit/s

Di 15. Dez 11:40:01 CET 2020
==========================
Testing from Vodafone Germany (85.216.3.196)...
Hosted by green.ch AG (Lupfig) [65.04 km]: 45.856 ms
Download: 30.86 Mbit/s
Upload: 0.00 Mbit/s

Di 15. Dez 11:20:01 CET 2020
==========================
Testing from Vodafone Germany (85.216.3.196)...
Hosted by green.ch AG (Lupfig) [65.04 km]: 48.352 ms
Download: 5.34 Mbit/s
Upload: 0.00 Mbit/s

Di 15. Dez 11:00:01 CET 2020
==========================
Testing from Vodafone Germany (85.216.3.196)...
Hosted by Monzoon Networks AG (Zurich) [83.40 km]: 45.07 ms
Download: 6.16 Mbit/s
Upload: 0.00 Mbit/s

Di 15. Dez 10:40:01 CET 2020
==========================
Testing from Vodafone Germany (85.216.3.196)...
Hosted by Monzoon Networks AG (Zurich) [83.40 km]: 40.97 ms
Download: 9.64 Mbit/s
Upload: 0.00 Mbit/s

Di 15. Dez 10:20:01 CET 2020
==========================
Testing from Vodafone Germany (85.216.3.196)...
Hosted by green.ch AG (Lupfig) [65.04 km]: 47.91 ms
Download: 10.31 Mbit/s
Upload: 0.00 Mbit/s

Di 15. Dez 10:00:01 CET 2020
==========================
Testing from Vodafone Germany (85.216.3.196)...
Hosted by sasag Kabelkommunikation AG (Schaffhausen) [64.26 km]: 63.711 ms
Download: 24.17 Mbit/s
Upload: 0.08 Mbit/s

Di 15. Dez 09:40:01 CET 2020
==========================
Testing from Vodafone Germany (85.216.3.196)...
Hosted by green.ch AG (Lupfig) [65.04 km]: 43.693 ms
Download: 27.24 Mbit/s
Upload: 0.23 Mbit/s

Di 15. Dez 09:20:02 CET 2020
==========================
Testing from Vodafone Germany (85.216.3.196)...
Hosted by IWB Telekom (Basel) [51.70 km]: 46.745 ms
Download: 15.24 Mbit/s
Upload: 0.20 Mbit/s

Di 15. Dez 09:00:01 CET 2020
==========================
Testing from Vodafone Germany (85.216.3.196)...
Hosted by IWB Telekom (Basel) [51.70 km]: 49.331 ms
Download: 31.36 Mbit/s
Upload: 0.85 Mbit/s

Di 15. Dez 08:40:01 CET 2020
==========================
Testing from Vodafone Germany (85.216.3.196)...
Hosted by IWB Telekom (Basel) [51.70 km]: 39.203 ms
Download: 31.86 Mbit/s
Upload: 1.94 Mbit/s

Di 15. Dez 08:20:01 CET 2020
==========================
Testing from Vodafone Germany (85.216.3.196)...
Hosted by FSIT AG (Dietikon) [75.48 km]: 29.291 ms
Download: 18.59 Mbit/s
Upload: 2.14 Mbit/s

Di 15. Dez 08:00:01 CET 2020
==========================
Testing from Vodafone Germany (85.216.3.196)...
Hosted by sasag Kabelkommunikation AG (Schaffhausen) [64.26 km]: 30.925 ms
Download: 31.82 Mbit/s
Upload: 2.82 Mbit/s

Di 15. Dez 07:44:40 CET 2020
==========================
Testing from Vodafone Germany (85.216.3.196)...
Hosted by IWB Telekom (Basel) [51.70 km]: 31.424 ms
Download: 32.07 Mbit/s
Upload: 2.66 Mbit/s

Di 15. Dez 07:44:13 CET 2020
==========================

Di 15. Dez 07:42:17 CET 2020
==========================
Retrieving speedtest.net configuration...
Retrieving speedtest.net server list...
Testing from Vodafone Germany (85.216.3.196)...
Selecting best server based on latency...
Hosted by IWB Telekom (Basel) [51.70 km]: 27.026 ms
Testing download speed........................................
Download: 32.03 Mbit/s
Testing upload speed..................................................
Upload: 2.83 Mbit/s

Di 15. Dez 07:40:01 CET 2020
-------------------------------
Download: 32.10 Mbit/s
Upload: 2.83 Mbit/s

Di 15. Dez 07:20:01 CET 2020
-------------------------------
Download: 14.58 Mbit/s
Upload: 1.74 Mbit/s

Di 15. Dez 07:00:01 CET 2020
-------------------------------
Download: 32.01 Mbit/s
Upload: 2.81 Mbit/s

Di 15. Dez 06:40:02 CET 2020
-------------------------------
Download: 32.10 Mbit/s
Upload: 2.84 Mbit/s

Di 15. Dez 06:20:01 CET 2020
-------------------------------
Download: 15.78 Mbit/s
Upload: 1.83 Mbit/s

Di 15. Dez 06:00:01 CET 2020
-------------------------------
Download: 32.09 Mbit/s
Upload: 2.41 Mbit/s

Di 15. Dez 05:40:01 CET 2020
-------------------------------
Download: 32.01 Mbit/s
Upload: 2.82 Mbit/s

